This is pdfTeX, Version 3.1415926-2.3-1.40.12 (MiKTeX 2.9) (preloaded format=pdflatex 2017.11.13)  13 NOV 2017 22:42
entering extended mode
**E:/Â§ßËÆ∫Êñá/BIT_Thesis/ÊùéÊµ©Ê®°Êùø/Thesis.tex
(E:/Â§ßËÆ∫Êñá/BIT_Thesis/ÊùéÊµ©Ê®°Êùø/Thesis.tex
LaTeX2e <2011/06/27>
Babel <v3.8m> and hyphenation patterns for loaded.
(D:\CTEX\MiKTeX\tex\latex\ctex\ctexbook.cls
Document Class: ctexbook 2011/03/11 v1.02c ctexbook document class
(D:\CTEX\MiKTeX\tex\latex\ctex\opt\ctex-common-opts.def)
(D:\CTEX\MiKTeX\tex\latex\ctex\opt\ctex-caption-opts.def
\c@CTEX@sectiondepth=\count79
)
(D:\CTEX\MiKTeX\tex\latex\ctex\opt\ctex-class-opts.def)
(D:\CTEX\CTeX\tex\latex\ctex\cfg\ctexopts.cfg)
(D:\CTEX\MiKTeX\tex\latex\ctex\def\ctex-loadclass.def
(D:\CTEX\MiKTeX\tex\latex\base\book.cls
Document Class: book 2007/10/19 v1.4h Standard LaTeX document class
(D:\CTEX\MiKTeX\tex\latex\base\bk12.clo
File: bk12.clo 2007/10/19 v1.4h Standard LaTeX file (size option)
)
\c@part=\count80
\c@chapter=\count81
\c@section=\count82
\c@subsection=\count83
\c@subsubsection=\count84
\c@paragraph=\count85
\c@subparagraph=\count86
\c@figure=\count87
\c@table=\count88
\abovecaptionskip=\skip41
\belowcaptionskip=\skip42
\bibindent=\dimen102
))
(D:\CTEX\MiKTeX\tex\latex\ctex\def\ctex-common.def
(D:\CTEX\MiKTeX\tex\latex\l3kernel\expl3.sty
(D:\CTEX\MiKTeX\tex\latex\l3kernel\l3names.sty
(D:\CTEX\MiKTeX\tex\latex\l3kernel\l3bootstrap.sty
Package: l3bootstrap 2011/12/29 v3110 L3 Experimental bootstrap code
)
Package: l3names 2011/12/30 v3113 L3 Experimental namespace for primitives
)
(D:\CTEX\MiKTeX\tex\latex\misc\etex.sty
Package: etex 1998/03/26 v2.0 eTeX basic definition package (PEB)
\et@xins=\count89
)
Package: expl3 2012/02/26 v3471 L3 Experimental code bundle wrapper

(D:\CTEX\MiKTeX\tex\latex\graphics\color.sty
Package: color 2005/11/14 v1.0j Standard LaTeX Color (DPC)

(D:\CTEX\MiKTeX\tex\latex\00miktex\color.cfg
File: color.cfg 2007/01/18 v1.5 color configuration of teTeX/TeXLive
)
Package color Info: Driver file: pdftex.def on input line 130.

(D:\CTEX\MiKTeX\tex\latex\pdftex-def\pdftex.def
File: pdftex.def 2011/05/27 v0.06d Graphics/color for pdfTeX

(D:\CTEX\MiKTeX\tex\generic\oberdiek\infwarerr.sty
Package: infwarerr 2010/04/08 v1.3 Providing info/warning/message (HO)
)
(D:\CTEX\MiKTeX\tex\generic\oberdiek\ltxcmds.sty
Package: ltxcmds 2011/04/18 v1.20 LaTeX kernel commands for general use (HO)
)
\Gread@gobject=\count90
))
(D:\CTEX\MiKTeX\tex\latex\graphics\graphics.sty
Package: graphics 2009/02/05 v1.0o Standard LaTeX Graphics (DPC,SPQR)

(D:\CTEX\MiKTeX\tex\latex\graphics\trig.sty
Package: trig 1999/03/16 v1.09 sin cos tan (DPC)
)
(D:\CTEX\MiKTeX\tex\latex\00miktex\graphics.cfg
File: graphics.cfg 2007/01/18 v1.5 graphics configuration of teTeX/TeXLive
)
Package graphics Info: Driver file: pdftex.def on input line 91.
)
(D:\CTEX\MiKTeX\tex\latex\l3kernel\l3basics.sty
Package: l3basics 2012/02/26 v3460 L3 Experimental basic definitions
)
(D:\CTEX\MiKTeX\tex\latex\l3kernel\l3expan.sty
Package: l3expan 2012/02/26 v3460 L3 Experimental argument expansion
)
(D:\CTEX\MiKTeX\tex\latex\l3kernel\l3tl.sty
Package: l3tl 2012/02/26 v3460 L3 Experimental token lists
)
(D:\CTEX\MiKTeX\tex\latex\l3kernel\l3seq.sty
Package: l3seq 2012/01/09 v3158 L3 Experimental sequences and stacks
)
(D:\CTEX\MiKTeX\tex\latex\l3kernel\l3int.sty
Package: l3int 2012/02/26 v3460 L3 Experimental integers
\c_max_int=\count91
\l_tmpa_int=\count92
\l_tmpb_int=\count93
\l_tmpc_int=\count94
\g_tmpa_int=\count95
\g_tmpb_int=\count96
)
(D:\CTEX\MiKTeX\tex\latex\l3kernel\l3quark.sty
Package: l3quark 2012/02/12 v3384 L3 Experimental quarks
)
(D:\CTEX\MiKTeX\tex\latex\l3kernel\l3prg.sty
Package: l3prg 2012/02/26 v3464 L3 Experimental control structures
\g_prg_map_int=\count97
)
(D:\CTEX\MiKTeX\tex\latex\l3kernel\l3clist.sty
Package: l3clist 2012/02/26 v3460 L3 Experimental comma separated lists
)
(D:\CTEX\MiKTeX\tex\latex\l3kernel\l3token.sty
Package: l3token 2012/02/26 v3460 L3 Experimental token manipulation
)
(D:\CTEX\MiKTeX\tex\latex\l3kernel\l3prop.sty
Package: l3prop 2012/02/26 v3460 L3 Experimental property lists
)
(D:\CTEX\MiKTeX\tex\latex\l3kernel\l3msg.sty
Package: l3msg 2012/02/26 v3470 L3 Experimental messages
)
(D:\CTEX\MiKTeX\tex\latex\l3kernel\l3file.sty
Package: l3file 2012/02/26 v3464 L3 Experimental file and I/O operations
\l_iow_stream_int=\count98
\l_iow_line_length_int=\count99
\l_iow_target_length_int=\count100
\l_iow_current_line_int=\count101
\l_iow_current_word_int=\count102
\l_iow_current_indentation_int=\count103
)
(D:\CTEX\MiKTeX\tex\latex\l3kernel\l3skip.sty
Package: l3skip 2012/02/26 v3460 L3 Experimental dimensions and skips
\l_tmpa_dim=\dimen103
\l_tmpb_dim=\dimen104
\l_tmpc_dim=\dimen105
\g_tmpa_dim=\dimen106
\g_tmpb_dim=\dimen107
\l_tmpa_skip=\skip43
\l_tmpb_skip=\skip44
\l_tmpc_skip=\skip45
\g_tmpa_skip=\skip46
\g_tmpb_skip=\skip47
)
(D:\CTEX\MiKTeX\tex\latex\l3kernel\l3keys.sty
Package: l3keys 2011/12/22 v3086 L3 Experimental key-value interfaces
\g_keyval_level_int=\count104
\l_keys_choice_int=\count105
)
(D:\CTEX\MiKTeX\tex\latex\l3kernel\l3fp.sty
Package: l3fp 2012/02/06 v3315 L3 Experimental floating-point operations
\c_one_million=\count106
\c_one_hundred_million=\count107
\c_five_hundred_million=\count108
\c_one_thousand_million=\count109
\c_fp_pi_by_four_decimal_int=\count110
\c_fp_pi_by_four_extended_int=\count111
\c_fp_pi_decimal_int=\count112
\c_fp_pi_extended_int=\count113
\c_fp_two_pi_decimal_int=\count114
\c_fp_two_pi_extended_int=\count115
\l_fp_count_int=\count116
\l_fp_div_offset_int=\count117
\l_fp_exp_integer_int=\count118
\l_fp_exp_decimal_int=\count119
\l_fp_exp_extended_int=\count120
\l_fp_exp_exponent_int=\count121
\l_fp_input_a_sign_int=\count122
\l_fp_input_a_integer_int=\count123
\l_fp_input_a_decimal_int=\count124
\l_fp_input_a_exponent_int=\count125
\l_fp_input_b_sign_int=\count126
\l_fp_input_b_integer_int=\count127
\l_fp_input_b_decimal_int=\count128
\l_fp_input_b_exponent_int=\count129
\l_fp_input_a_extended_int=\count130
\l_fp_input_b_extended_int=\count131
\l_fp_mul_a_i_int=\count132
\l_fp_mul_a_ii_int=\count133
\l_fp_mul_a_iii_int=\count134
\l_fp_mul_a_iv_int=\count135
\l_fp_mul_a_v_int=\count136
\l_fp_mul_a_vi_int=\count137
\l_fp_mul_b_i_int=\count138
\l_fp_mul_b_ii_int=\count139
\l_fp_mul_b_iii_int=\count140
\l_fp_mul_b_iv_int=\count141
\l_fp_mul_b_v_int=\count142
\l_fp_mul_b_vi_int=\count143
\l_fp_mul_output_int=\count144
\l_fp_output_sign_int=\count145
\l_fp_output_integer_int=\count146
\l_fp_output_decimal_int=\count147
\l_fp_output_exponent_int=\count148
\l_fp_output_extended_int=\count149
\l_fp_round_position_int=\count150
\l_fp_round_target_int=\count151
\l_fp_split_sign_int=\count152
\l_fp_internal_int=\count153
\l_fp_trig_octant_int=\count154
\l_fp_trig_sign_int=\count155
\l_fp_trig_decimal_int=\count156
\l_fp_trig_extended_int=\count157
\l_fp_internal_dim=\dimen108
\l_fp_internal_skip=\skip48
)
(D:\CTEX\MiKTeX\tex\latex\l3kernel\l3box.sty
Package: l3box 2012/02/18 v3432 L3 Experimental boxes
\l_tmpb_box=\box26
\l_box_top_dim=\dimen109
\l_box_bottom_dim=\dimen110
\l_box_left_dim=\dimen111
\l_box_right_dim=\dimen112
\l_box_top_new_dim=\dimen113
\l_box_bottom_new_dim=\dimen114
\l_box_left_new_dim=\dimen115
\l_box_right_new_dim=\dimen116
\l_box_internal_box=\box27
)
(D:\CTEX\MiKTeX\tex\latex\l3kernel\l3coffins.sty
Package: l3coffins 2012/02/26 v3460 L3 Experimental coffin code layer
\l_coffin_internal_box=\box28
\l_coffin_internal_dim=\dimen117
\l_coffin_offset_x_dim=\dimen118
\l_coffin_offset_y_dim=\dimen119
\l_coffin_x_dim=\dimen120
\l_coffin_y_dim=\dimen121
\l_coffin_x_prime_dim=\dimen122
\l_coffin_y_prime_dim=\dimen123
\l_coffin_Depth_dim=\dimen124
\l_coffin_Height_dim=\dimen125
\l_coffin_TotalHeight_dim=\dimen126
\l_coffin_Width_dim=\dimen127
\c_empty_coffin=\box29
\l_coffin_aligned_coffin=\box30
\l_coffin_aligned_internal_coffin=\box31
\l_coffin_bounding_shift_dim=\dimen128
\l_coffin_left_corner_dim=\dimen129
\l_coffin_right_corner_dim=\dimen130
\l_coffin_bottom_corner_dim=\dimen131
\l_coffin_top_corner_dim=\dimen132
\l_coffin_scaled_total_height_dim=\dimen133
\l_coffin_scaled_width_dim=\dimen134
\l_coffin_display_coffin=\box32
\l_coffin_display_coord_coffin=\box33
\l_coffin_display_pole_coffin=\box34
\l_coffin_display_offset_dim=\dimen135
\l_coffin_display_x_dim=\dimen136
\l_coffin_display_y_dim=\dimen137
)
(D:\CTEX\MiKTeX\tex\latex\l3kernel\l3color.sty
Package: l3color 2011/09/07 v2776 L3 Experimental colour support
)
(D:\CTEX\MiKTeX\tex\latex\l3kernel\l3luatex.sty
Package: l3luatex 2012/02/09 v3355 L3 Experimental LuaTeX-specific functions
\g_cctab_allocate_int=\count158
\g_cctab_stack_int=\count159
))
(D:\CTEX\MiKTeX\tex\latex\etoolbox\etoolbox.sty
Package: etoolbox 2011/01/03 v2.1 e-TeX tools for LaTeX
\etb@tempcnta=\count160
)
(D:\CTEX\MiKTeX\tex\generic\oberdiek\ifpdf.sty
Package: ifpdf 2011/01/30 v2.3 Provides the ifpdf switch (HO)
Package ifpdf Info: pdfTeX in PDF mode is detected.
)
(D:\CTEX\MiKTeX\tex\generic\ifxetex\ifxetex.sty
Package: ifxetex 2010/09/12 v0.6 Provides ifxetex conditional
)
(D:\CTEX\MiKTeX\tex\latex\graphics\keyval.sty
Package: keyval 1999/03/16 v1.13 key=value parser (DPC)
\KV@toks@=\toks14
)
(D:\CTEX\MiKTeX\tex\latex\tools\indentfirst.sty
Package: indentfirst 1995/11/23 v1.03 Indent first paragraph (DPC)
)
(D:\CTEX\MiKTeX\tex\latex\base\fix-cm.sty
Package: fix-cm 2006/09/13 v1.1m fixes to LaTeX

(D:\CTEX\MiKTeX\tex\latex\base\ts1enc.def
File: ts1enc.def 2001/06/05 v3.0e (jk/car/fm) Standard LaTeX file
))
(D:\CTEX\MiKTeX\tex\latex\fancyhdr\fancyhdr.sty
\fancy@headwidth=\skip49
\f@ncyO@elh=\skip50
\f@ncyO@erh=\skip51
\f@ncyO@olh=\skip52
\f@ncyO@orh=\skip53
\f@ncyO@elf=\skip54
\f@ncyO@erf=\skip55
\f@ncyO@olf=\skip56
\f@ncyO@orf=\skip57
)
(D:\CTEX\MiKTeX\tex\latex\ctex\engine\ctex-cjk-engine.def
(D:\CTEX\MiKTeX\tex\latex\cjk\CJK.sty
Package: CJK 2008/12/29 4.8.2

(D:\CTEX\MiKTeX\tex\latex\cjk\mule\MULEenc.sty
Package: MULEenc 2008/12/29 4.8.2
)
(D:\CTEX\MiKTeX\tex\latex\cjk\CJK.enc
File: CJK.enc 2008/12/29 4.8.2
)
LaTeX Info: Redefining \selectfont on input line 756.
\CJK@indent=\box35
)
(D:\CTEX\CTeX\tex\latex\CJKpunct\CJKpunct.sty
Package: CJKpunct 2010/02/21 4.8.2-2
\CJKpunct@cnta=\count161
\CJKpunct@cntb=\count162
\CJKpunct@cntc=\count163
\CJKpunct@cntd=\count164
\CJKpunct@cnte=\count165

(D:\CTEX\CTeX\tex\latex\CJKpunct\CJKpunct.spa))
(D:\CTEX\MiKTeX\tex\latex\ctex\engine\ctex-cjk-common.def
(D:\CTEX\CTeX\tex\latex\CJK\CJKfntef.sty
Package: CJKfntef 2008/12/29 4.8.2

(D:\CTEX\MiKTeX\tex\latex\cjk\CJKulem.sty
Package: CJKulem 2008/12/29 4.8.2

(D:\CTEX\MiKTeX\tex\latex\ulem\ulem.sty
\UL@box=\box36
\UL@hyphenbox=\box37
\UL@skip=\skip58
\UL@hook=\toks15
\UL@height=\dimen138
\UL@pe=\count166
\UL@pixel=\dimen139
\ULC@box=\box38
Package: ulem 2011/03/18
\ULdepth=\dimen140
)
\UL@lastkern=\dimen141
\CJK@skip=\skip59
)
\CJK@fntefSkip=\skip60
\CJK@nest=\count167
\CJK@fntefDimen=\dimen142
\CJK@underdotBox=\box39
\CJK@ULbox=\box40
\CJK@underanyskip=\dimen143
)
\ccwd=\dimen144
)
(D:\CTEX\MiKTeX\tex\latex\ctex\fontset\ctex-cjk-winfonts.def
(D:\CTEX\MiKTeX\tex\generic\zhmetrics\zhwinfonts.tex
(D:\CTEX\MiKTeX\tex\generic\oberdiek\ifpdf.sty
Package ifpdf Info: The package is already loaded, stopped on input line 64.
){D:/CTEX/UserData/pdftex/config/pdftex.map{Unicode.sfd}{UGBK.sfd}})))
\CTEX@q=\count168
\CTEX@r=\count169
)
(D:\CTEX\MiKTeX\tex\latex\ctex\def\ctex-caption.def)
(D:\CTEX\MiKTeX\tex\latex\ctex\def\ctex-class.def)
(D:\CTEX\MiKTeX\tex\latex\ctex\def\ctex-book.def))
(D:\CTEX\MiKTeX\tex\latex\ctex\def\ctex-gbk.def)
(D:\CTEX\MiKTeX\tex\latex\ctex\cfg\ctexcap.cfg
(D:\CTEX\MiKTeX\tex\latex\ctex\cfg\ctexcap-gbk.cfg))
(D:\CTEX\MiKTeX\tex\latex\ctex\cfg\ctex.cfg)
(E:\Â§ßËÆ∫Êñá\BIT_Thesis\ÊùéÊµ©Ê®°Êùø\setup.tex
(D:\CTEX\MiKTeX\tex\latex\diagbox\diagbox.sty
Package: diagbox 2011/11/23 v2.0 Making table heads with diagonal lines

(D:\CTEX\MiKTeX\tex\latex\pict2e\pict2e.sty
Package: pict2e 2011/04/05 v0.2y Improved picture commands (HjG,RN,JT)

(D:\CTEX\MiKTeX\tex\latex\00miktex\pict2e.cfg
File: pict2e.cfg 2005/12/29 v1.0 MiKTeX 'pict2e' configuration
)
Package pict2e Info: Driver file: pdftex.def on input line 119.
Package pict2e Info: Driver file for pict2e: p2e-pdftex.def on input line 121.

(D:\CTEX\MiKTeX\tex\latex\pict2e\p2e-pdftex.def
File: p2e-pdftex.def 2011/04/05 v0.1t Driver-dependant file (RN,HjG,JT)
)
\pIIe@GRAPH=\toks16
\@arclen=\dimen145
\@arcrad=\dimen146
\@tempdimd=\dimen147
)
(D:\CTEX\MiKTeX\tex\latex\fp\fp.sty
Package: fp 1995/04/02

`Fixed Point Package', Version 0.8, April 2, 1995 (C) Michael Mehlich
(D:\CTEX\MiKTeX\tex\latex\fp\defpattern.sty
Package: defpattern 1994/10/12
\actioncount=\count170
)
(D:\CTEX\MiKTeX\tex\latex\fp\fp-basic.sty
Package: fp-basic 1996/05/13
\FP@xs=\count171
\FP@xia=\count172
\FP@xib=\count173
\FP@xfa=\count174
\FP@xfb=\count175
\FP@rega=\count176
\FP@regb=\count177
\FP@regs=\count178
\FP@times=\count179
)
(D:\CTEX\MiKTeX\tex\latex\fp\fp-addons.sty
Package: fp-addons 1995/03/15
)
(D:\CTEX\MiKTeX\tex\latex\fp\fp-snap.sty
Package: fp-snap 1995/04/05
)
(D:\CTEX\MiKTeX\tex\latex\fp\fp-exp.sty
Package: fp-exp 1995/04/03
)
(D:\CTEX\MiKTeX\tex\latex\fp\fp-trigo.sty
Package: fp-trigo 1995/04/14
)
(D:\CTEX\MiKTeX\tex\latex\fp\fp-pas.sty
Package: fp-pas 1994/08/29
)
(D:\CTEX\MiKTeX\tex\latex\fp\fp-random.sty
Package: fp-random 1995/02/23
\FPseed=\count180
)
(D:\CTEX\MiKTeX\tex\latex\fp\fp-eqn.sty
Package: fp-eqn 1995/04/03
)
(D:\CTEX\MiKTeX\tex\latex\fp\fp-upn.sty
Package: fp-upn 1996/10/21
)
(D:\CTEX\MiKTeX\tex\latex\fp\fp-eval.sty
Package: fp-eval 1995/04/03
))
\diagbox@boxa=\box41
\diagbox@boxb=\box42
\diagbox@boxm=\box43
\diagbox@wd=\dimen148
\diagbox@ht=\dimen149
\diagbox@sepl=\dimen150
\diagbox@sepr=\dimen151
)
(D:\CTEX\MiKTeX\tex\latex\amsfonts\amssymb.sty
Package: amssymb 2009/06/22 v3.00

(D:\CTEX\MiKTeX\tex\latex\amsfonts\amsfonts.sty
Package: amsfonts 2009/06/22 v3.00 Basic AMSFonts support
\@emptytoks=\toks17
\symAMSa=\mathgroup4
\symAMSb=\mathgroup5
LaTeX Font Info:    Overwriting math alphabet `\mathfrak' in version `bold'
(Font)                  U/euf/m/n --> U/euf/b/n on input line 96.
))
(D:\CTEX\MiKTeX\tex\latex\ams\math\amsmath.sty
Package: amsmath 2000/07/18 v2.13 AMS math features
\@mathmargin=\skip61

For additional information on amsmath, use the `?' option.
(D:\CTEX\MiKTeX\tex\latex\ams\math\amstext.sty
Package: amstext 2000/06/29 v2.01

(D:\CTEX\MiKTeX\tex\latex\ams\math\amsgen.sty
File: amsgen.sty 1999/11/30 v2.0
\@emptytoks=\toks18
\ex@=\dimen152
))
(D:\CTEX\MiKTeX\tex\latex\ams\math\amsbsy.sty
Package: amsbsy 1999/11/29 v1.2d
\pmbraise@=\dimen153
)
(D:\CTEX\MiKTeX\tex\latex\ams\math\amsopn.sty
Package: amsopn 1999/12/14 v2.01 operator names
)
\inf@bad=\count181
LaTeX Info: Redefining \frac on input line 211.
\uproot@=\count182
\leftroot@=\count183
LaTeX Info: Redefining \overline on input line 307.
\classnum@=\count184
\DOTSCASE@=\count185
LaTeX Info: Redefining \ldots on input line 379.
LaTeX Info: Redefining \dots on input line 382.
LaTeX Info: Redefining \cdots on input line 467.
\Mathstrutbox@=\box44
\strutbox@=\box45
\big@size=\dimen154
LaTeX Font Info:    Redeclaring font encoding OML on input line 567.
LaTeX Font Info:    Redeclaring font encoding OMS on input line 568.
\macc@depth=\count186
\c@MaxMatrixCols=\count187
\dotsspace@=\muskip10
\c@parentequation=\count188
\dspbrk@lvl=\count189
\tag@help=\toks19
\row@=\count190
\column@=\count191
\maxfields@=\count192
\andhelp@=\toks20
\eqnshift@=\dimen155
\alignsep@=\dimen156
\tagshift@=\dimen157
\tagwidth@=\dimen158
\totwidth@=\dimen159
\lineht@=\dimen160
\@envbody=\toks21
\multlinegap=\skip62
\multlinetaggap=\skip63
\mathdisplay@stack=\toks22
LaTeX Info: Redefining \[ on input line 2666.
LaTeX Info: Redefining \] on input line 2667.
)
(D:\CTEX\MiKTeX\tex\latex\fancyref\fancyref.sty
Package: fancyref 1999/02/03 v0.9c Fancy cross-referencing

(D:\CTEX\MiKTeX\tex\latex\tools\varioref.sty
Package: varioref 2011/10/02 v1.4z package for extended references (FMi)
\c@vrcnt=\count193
))
(D:\CTEX\MiKTeX\tex\latex\jknappen\mathrsfs.sty
Package: mathrsfs 1996/01/01 Math RSFS package v1.0 (jk)
\symrsfs=\mathgroup6
)
(D:\CTEX\MiKTeX\tex\latex\subfigure\subfigure.sty
Package: subfigure 2002/07/30 v2.1.4 subfigure package
\subfigtopskip=\skip64
\subfigcapskip=\skip65
\subfigcaptopadj=\dimen161
\subfigbottomskip=\skip66
\subfigcapmargin=\dimen162
\subfiglabelskip=\skip67
\c@subfigure=\count194
\c@lofdepth=\count195
\c@subtable=\count196
\c@lotdepth=\count197

****************************************
* Local config file subfigure.cfg used *
****************************************
(D:\CTEX\MiKTeX\tex\latex\subfigure\subfigure.cfg)
\subfig@top=\skip68
\subfig@bottom=\skip69
)
(D:\CTEX\MiKTeX\tex\latex\listings\listings.sty
\lst@mode=\count198
\lst@gtempboxa=\box46
\lst@token=\toks23
\lst@length=\count199
\lst@currlwidth=\dimen163
\lst@column=\count200
\lst@pos=\count201
\lst@lostspace=\dimen164
\lst@width=\dimen165
Normal \count register pool exhausted, switching to extended pool.
\lst@newlines=\count277
\lst@lineno=\count278
\lst@maxwidth=\dimen166

(D:\CTEX\MiKTeX\tex\latex\listings\lstmisc.sty
File: lstmisc.sty 2007/02/22 1.4 (Carsten Heinz)
\c@lstnumber=\count279
\lst@skipnumbers=\count280
\lst@framebox=\box47
)
(D:\CTEX\MiKTeX\tex\latex\listings\listings.cfg
File: listings.cfg 2007/02/22 1.4 listings configuration
))
Package: listings 2007/02/22 1.4 (Carsten Heinz)

(D:\CTEX\MiKTeX\tex\latex\tools\enumerate.sty
Package: enumerate 1999/03/05 v3.00 enumerate extensions (DPC)
\@enLab=\toks24
)
(D:\CTEX\MiKTeX\tex\latex\psnfss\pifont.sty
Package: pifont 2005/04/12 PSNFSS-v9.2a Pi font support (SPQR) 
LaTeX Font Info:    Try loading font information for U+pzd on input line 63.

(D:\CTEX\MiKTeX\tex\latex\psnfss\upzd.fd
File: upzd.fd 2001/06/04 font definitions for U/pzd.
)
LaTeX Font Info:    Try loading font information for U+psy on input line 64.

(D:\CTEX\MiKTeX\tex\latex\psnfss\upsy.fd
File: upsy.fd 2001/06/04 font definitions for U/psy.
))
(D:\CTEX\MiKTeX\tex\latex\psnfss\times.sty
Package: times 2005/04/12 PSNFSS-v9.2a (SPQR) 
)
(D:\CTEX\MiKTeX\tex\latex\psnfss\mathptmx.sty
Package: mathptmx 2005/04/12 PSNFSS-v9.2a Times w/ Math, improved (SPQR, WaS) 
LaTeX Font Info:    Redeclaring symbol font `operators' on input line 28.
LaTeX Font Info:    Overwriting symbol font `operators' in version `normal'
(Font)                  OT1/cmr/m/n --> OT1/ztmcm/m/n on input line 28.
LaTeX Font Info:    Overwriting symbol font `operators' in version `bold'
(Font)                  OT1/cmr/bx/n --> OT1/ztmcm/m/n on input line 28.
LaTeX Font Info:    Redeclaring symbol font `letters' on input line 29.
LaTeX Font Info:    Overwriting symbol font `letters' in version `normal'
(Font)                  OML/cmm/m/it --> OML/ztmcm/m/it on input line 29.
LaTeX Font Info:    Overwriting symbol font `letters' in version `bold'
(Font)                  OML/cmm/b/it --> OML/ztmcm/m/it on input line 29.
LaTeX Font Info:    Redeclaring symbol font `symbols' on input line 30.
LaTeX Font Info:    Overwriting symbol font `symbols' in version `normal'
(Font)                  OMS/cmsy/m/n --> OMS/ztmcm/m/n on input line 30.
LaTeX Font Info:    Overwriting symbol font `symbols' in version `bold'
(Font)                  OMS/cmsy/b/n --> OMS/ztmcm/m/n on input line 30.
LaTeX Font Info:    Redeclaring symbol font `largesymbols' on input line 31.
LaTeX Font Info:    Overwriting symbol font `largesymbols' in version `normal'
(Font)                  OMX/cmex/m/n --> OMX/ztmcm/m/n on input line 31.
LaTeX Font Info:    Overwriting symbol font `largesymbols' in version `bold'
(Font)                  OMX/cmex/m/n --> OMX/ztmcm/m/n on input line 31.
\symbold=\mathgroup7
\symitalic=\mathgroup8
LaTeX Font Info:    Redeclaring math alphabet \mathbf on input line 34.
LaTeX Font Info:    Overwriting math alphabet `\mathbf' in version `normal'
(Font)                  OT1/cmr/bx/n --> OT1/ptm/bx/n on input line 34.
LaTeX Font Info:    Overwriting math alphabet `\mathbf' in version `bold'
(Font)                  OT1/cmr/bx/n --> OT1/ptm/bx/n on input line 34.
LaTeX Font Info:    Redeclaring math alphabet \mathit on input line 35.
LaTeX Font Info:    Overwriting math alphabet `\mathit' in version `normal'
(Font)                  OT1/cmr/m/it --> OT1/ptm/m/it on input line 35.
LaTeX Font Info:    Overwriting math alphabet `\mathit' in version `bold'
(Font)                  OT1/cmr/bx/it --> OT1/ptm/m/it on input line 35.
LaTeX Info: Redefining \hbar on input line 50.
)
(D:\CTEX\MiKTeX\tex\latex\setspace\setspace.sty
Package: setspace 2011/12/19 v6.7a set line spacing
)
(D:\CTEX\MiKTeX\tex\latex\geometry\geometry.sty
Package: geometry 2010/09/12 v5.6 Page Geometry

(D:\CTEX\MiKTeX\tex\generic\oberdiek\ifvtex.sty
Package: ifvtex 2010/03/01 v1.5 Switches for detecting VTeX and its modes (HO)
Package ifvtex Info: VTeX not detected.
)
\Gm@cnth=\count281
\Gm@cntv=\count282
\c@Gm@tempcnt=\count283
\Gm@bindingoffset=\dimen167
\Gm@wd@mp=\dimen168
\Gm@odd@mp=\dimen169
\Gm@even@mp=\dimen170
\Gm@layoutwidth=\dimen171
\Gm@layoutheight=\dimen172
\Gm@layouthoffset=\dimen173
\Gm@layoutvoffset=\dimen174
\Gm@dimlist=\toks25

(D:\CTEX\MiKTeX\tex\latex\geometry\geometry.cfg))
(D:\CTEX\MiKTeX\tex\latex\titlesec\titletoc.sty
Package: titletoc 2011/12/15 v1.6 TOC entries
\ttl@leftsep=\dimen175
)
(D:\CTEX\MiKTeX\tex\latex\tocbibind\tocbibind.sty
Package: tocbibind 2010/10/13 v1.5k extra ToC listings
Package tocbibind Info: The document has chapter divisions on input line 50.


Package tocbibind Note: Using chapter style headings, unless overridden.

) (D:\CTEX\MiKTeX\tex\latex\titlesec\titlesec.sty
Package: titlesec 2011/12/15 v2.10.0 Sectioning titles
\ttl@box=\box48
\beforetitleunit=\skip70
\aftertitleunit=\skip71
\ttl@plus=\dimen176
\ttl@minus=\dimen177
\ttl@toksa=\toks26
\titlewidth=\dimen178
\titlewidthlast=\dimen179
\titlewidthfirst=\dimen180
)
(D:\CTEX\MiKTeX\tex\latex\oberdiek\pdflscape.sty
Package: pdflscape 2008/08/11 v0.10 Landscape pages in PDF (HO)

(D:\CTEX\MiKTeX\tex\latex\graphics\lscape.sty
Package: lscape 2000/10/22 v3.01 Landscape Pages (DPC)
)
Package pdflscape Info: Auto-detected driver: pdftex on input line 80.
)
(D:\CTEX\MiKTeX\tex\latex\tools\array.sty
Package: array 2008/09/09 v2.4c Tabular extension package (FMi)
\col@sep=\dimen181
\extrarowheight=\dimen182
\NC@list=\toks27
\extratabsurround=\skip72
\backup@length=\skip73
)
(D:\CTEX\MiKTeX\tex\latex\natbib\natbib.sty
Package: natbib 2010/09/13 8.31b (PWD, AO)
\bibhang=\skip74
\bibsep=\skip75
LaTeX Info: Redefining \cite on input line 694.
\c@NAT@ctr=\count284
)
(E:\Â§ßËÆ∫Êñá\BIT_Thesis\ÊùéÊµ©Ê®°Êùø\hypernat.sty)
(D:\CTEX\MiKTeX\tex\latex\graphics\graphicx.sty
Package: graphicx 1999/02/16 v1.0f Enhanced LaTeX Graphics (DPC,SPQR)
\Gin@req@height=\dimen183
\Gin@req@width=\dimen184
)
(D:\CTEX\MiKTeX\tex\latex\threeparttable\threeparttable.sty
Package: threeparttable 2003/06/13  v 3.0
\@tempboxb=\box49
)
(D:\CTEX\MiKTeX\tex\latex\tools\dcolumn.sty
Package: dcolumn 2001/05/28 v1.06 decimal alignment package (DPC)
)
(D:\CTEX\MiKTeX\tex\latex\multirow\multirow.sty
\bigstrutjot=\dimen185
)
(D:\CTEX\MiKTeX\tex\latex\booktabs\booktabs.sty
Package: booktabs 2005/04/14 v1.61803 publication quality tables
\heavyrulewidth=\dimen186
\lightrulewidth=\dimen187
\cmidrulewidth=\dimen188
\belowrulesep=\dimen189
\belowbottomsep=\dimen190
\aboverulesep=\dimen191
\abovetopsep=\dimen192
\cmidrulesep=\dimen193
\cmidrulekern=\dimen194
\defaultaddspace=\dimen195
\@cmidla=\count285
\@cmidlb=\count286
\@aboverulesep=\dimen196
\@belowrulesep=\dimen197
\@thisruleclass=\count287
\@lastruleclass=\count288
\@thisrulewidth=\dimen198
)
(D:\CTEX\MiKTeX\tex\latex\caption\caption.sty
Package: caption 2011/11/10 v3.2e Customizing captions (AR)

(D:\CTEX\MiKTeX\tex\latex\caption\caption3.sty
Package: caption3 2011/11/01 v1.4a caption3 kernel (AR)
\captionmargin=\dimen199
\captionmargin@=\dimen200
\captionwidth=\dimen201
Normal \dimen register pool exhausted, switching to extended pool.
\caption@indent=\dimen256
\caption@parindent=\dimen257
\caption@hangindent=\dimen258
Package caption Info: Unknown document class (or package),
(caption)             standard defaults will be used.
)

Package caption Warning: Unsupported document class (or package) detected,
(caption)                usage of the caption package is not recommended.
See the caption package documentation for explanation.

Package caption Info: \@makecaption = \long macro:#1#2->\vskip \abovecaptionski
p \sbox \@tempboxa {#1\CTEX@caption@delimiter #2}\ifdim \wd \@tempboxa >\hsize 
#1\CTEX@caption@delimiter #2\par \else \global \@minipagefalse \hb@xt@ \hsize {
\hfil \box \@tempboxa \hfil }\fi \vskip \belowcaptionskip .
\c@ContinuedFloat=\count289
Package caption Info: listings package is loaded.
Package caption Info: subfigure package is loaded.
Package caption Info: threeparttable package is loaded.
)
\c@theorem=\count290
\c@corollary=\count291
\c@property=\count292
\c@lemma=\count293
\c@example=\count294
\c@assumption=\count295
\c@problem=\count296
\c@definition=\count297
\c@remark=\count298
\c@notation=\count299
 (D:\CTEX\MiKTeX\tex\latex\tools\calc.sty
Package: calc 2007/08/22 v4.3 Infix arithmetic (KKT,FJ)
\calc@Acount=\count300
\calc@Bcount=\count301
\calc@Adimen=\dimen259
\calc@Bdimen=\dimen260
\calc@Askip=\skip76
\calc@Bskip=\skip77
LaTeX Info: Redefining \setlength on input line 76.
LaTeX Info: Redefining \addtolength on input line 77.
\calc@Ccount=\count302
\calc@Cskip=\skip78
)
\tmpfontsizelength=\skip79

(D:\CTEX\MiKTeX\tex\latex\hyperref\hyperref.sty
Package: hyperref 2012/02/06 v6.82o Hypertext links for LaTeX

(D:\CTEX\MiKTeX\tex\generic\oberdiek\hobsub-hyperref.sty
Package: hobsub-hyperref 2011/04/23 v1.4 Bundle oberdiek, subset hyperref (HO)

(D:\CTEX\MiKTeX\tex\generic\oberdiek\hobsub-generic.sty
Package: hobsub-generic 2011/04/23 v1.4 Bundle oberdiek, subset generic (HO)
Package: hobsub 2011/04/23 v1.4 Subsetting bundle oberdiek (HO)
Package hobsub Info: Skipping package `infwarerr' (already loaded).
Package hobsub Info: Skipping package `ltxcmds' (already loaded).
Package: ifluatex 2010/03/01 v1.3 Provides the ifluatex switch (HO)
Package ifluatex Info: LuaTeX not detected.
Package hobsub Info: Skipping package `ifvtex' (already loaded).
Package: intcalc 2007/09/27 v1.1 Expandable integer calculations (HO)
Package hobsub Info: Skipping package `ifpdf' (already loaded).
Package: etexcmds 2011/02/16 v1.5 Prefix for e-TeX command names (HO)
Package etexcmds Info: Could not find \expanded.
(etexcmds)             That can mean that you are not using pdfTeX 1.50 or
(etexcmds)             that some package has redefined \expanded.
(etexcmds)             In the latter case, load this package earlier.
Package: kvsetkeys 2011/04/07 v1.13 Key value parser (HO)
Package: kvdefinekeys 2011/04/07 v1.3 Defining keys (HO)
Package: pdftexcmds 2011/04/22 v0.16 Utilities of pdfTeX for LuaTeX (HO)
Package pdftexcmds Info: LuaTeX not detected.
Package pdftexcmds Info: \pdf@primitive is available.
Package pdftexcmds Info: \pdf@ifprimitive is available.
Package pdftexcmds Info: \pdfdraftmode found.
Package: pdfescape 2011/04/04 v1.12 Provides string conversions (HO)
Package: bigintcalc 2011/01/30 v1.2 Expandable big integer calculations (HO)
Package: bitset 2011/01/30 v1.1 Data type bit set (HO)
Package: uniquecounter 2011/01/30 v1.2 Provides unlimited unique counter (HO)
)
Package hobsub Info: Skipping package `hobsub' (already loaded).
Package: letltxmacro 2010/09/02 v1.4 Let assignment for LaTeX macros (HO)
Package: hopatch 2011/01/30 v1.0 Wrapper for package hooks (HO)
Package: xcolor-patch 2011/01/30 xcolor patch
Package: atveryend 2011/04/23 v1.7 Hooks at very end of document (HO)
Package: atbegshi 2011/01/30 v1.15 At begin shipout hook (HO)
Package: refcount 2010/12/01 v3.2 Data extraction from references (HO)
Package: hycolor 2011/01/30 v1.7 Color options of hyperref/bookmark (HO)
)
(D:\CTEX\MiKTeX\tex\latex\oberdiek\kvoptions.sty
Package: kvoptions 2010/12/23 v3.10 Keyval support for LaTeX options (HO)
)
\@linkdim=\dimen261
\Hy@linkcounter=\count303
\Hy@pagecounter=\count304

(D:\CTEX\MiKTeX\tex\latex\hyperref\pd1enc.def
File: pd1enc.def 2012/02/06 v6.82o Hyperref: PDFDocEncoding definition (HO)
)
\Hy@SavedSpaceFactor=\count305

(D:\CTEX\MiKTeX\tex\latex\00miktex\hyperref.cfg
File: hyperref.cfg 2002/06/06 v1.2 hyperref configuration of TeXLive
)
Package hyperref Info: Option `CJKbookmarks' set `true' on input line 3925.
Package hyperref Info: Option `colorlinks' set `true' on input line 3925.
Package hyperref Info: Hyper figures OFF on input line 4046.
Package hyperref Info: Link nesting OFF on input line 4051.
Package hyperref Info: Hyper index ON on input line 4054.
Package hyperref Info: Plain pages OFF on input line 4061.
Package hyperref Info: Backreferencing OFF on input line 4066.
Package hyperref Info: Implicit mode ON; LaTeX internals redefined.
Package hyperref Info: Bookmarks ON on input line 4284.
\c@Hy@tempcnt=\count306

(D:\CTEX\MiKTeX\tex\latex\ltxmisc\url.sty
\Urlmuskip=\muskip11
Package: url 2006/04/12  ver 3.3  Verb mode for urls, etc.
)
LaTeX Info: Redefining \url on input line 4637.
\Fld@menulength=\count307
\Field@Width=\dimen262
\Fld@charsize=\dimen263
Package hyperref Info: Hyper figures OFF on input line 5757.
Package hyperref Info: Link nesting OFF on input line 5762.
Package hyperref Info: Hyper index ON on input line 5765.
Package hyperref Info: backreferencing OFF on input line 5772.
Package hyperref Info: Link coloring ON on input line 5775.
Package hyperref Info: Link coloring with OCG OFF on input line 5782.
Package hyperref Info: PDF/A mode OFF on input line 5787.
LaTeX Info: Redefining \ref on input line 5827.
LaTeX Info: Redefining \pageref on input line 5831.
\Hy@abspage=\count308
\c@Item=\count309
\c@Hfootnote=\count310
)

Package hyperref Message: Driver: hpdftex.

(D:\CTEX\MiKTeX\tex\latex\hyperref\hpdftex.def
File: hpdftex.def 2012/02/06 v6.82o Hyperref driver for pdfTeX
\Fld@listcount=\count311
\c@bookmark@seq@number=\count312

(D:\CTEX\MiKTeX\tex\latex\oberdiek\rerunfilecheck.sty
Package: rerunfilecheck 2011/04/15 v1.7 Rerun checks for auxiliary files (HO)
Package uniquecounter Info: New unique counter `rerunfilecheck' on input line 2
82.
)
\Hy@SectionHShift=\skip80
)
Package hyperref Info: Option `CJKbookmarks' set `true' on input line 266.
Package hyperref Info: Option `bookmarksnumbered' set `true' on input line 266.

Package hyperref Info: Option `bookmarksopen' set `true' on input line 266.


Package hyperref Warning: Option `bookmarks' has already been used,
(hyperref)                setting the option has no effect on input line 266.

Package hyperref Info: Option `colorlinks' set `true' on input line 266.
) (E:\Â§ßËÆ∫Êñá\BIT_Thesis\ÊùéÊµ©Ê®°Êùø\Thesis.aux
(E:\Â§ßËÆ∫Êñá\BIT_Thesis\ÊùéÊµ©Ê®°Êùø\chapter/chapter1.aux)
(E:\Â§ßËÆ∫Êñá\BIT_Thesis\ÊùéÊµ©Ê®°Êùø\chapter/chapter2.aux)
(E:\Â§ßËÆ∫Êñá\BIT_Thesis\ÊùéÊµ©Ê®°Êùø\chapter/chapter3.aux

LaTeX Warning: Label `camera2img-equation' multiply defined.


LaTeX Warning: Label `laplacian' multiply defined.


LaTeX Warning: Label `laplacian' multiply defined.


LaTeX Warning: Label `laplacian' multiply defined.


LaTeX Warning: Label `inverse-sym-equation' multiply defined.


LaTeX Warning: Label `fundunmental-tuidao-equation' multiply defined.


LaTeX Warning: Label `repro-tuidao3-equation' multiply defined.

) (E:\Â§ßËÆ∫Êñá\BIT_Thesis\ÊùéÊµ©Ê®°Êùø\chapter/chapter4.aux

LaTeX Warning: Label `open-equation' multiply defined.

) (E:\Â§ßËÆ∫Êñá\BIT_Thesis\ÊùéÊµ©Ê®°Êùø\chapter/chapter5.aux)
(E:\Â§ßËÆ∫Êñá\BIT_Thesis\ÊùéÊµ©Ê®°Êùø\chapter/chapter6.aux)
(E:\Â§ßËÆ∫Êñá\BIT_Thesis\ÊùéÊµ©Ê®°Êùø\chapter/chap-sum.aux)
(E:\Â§ßËÆ∫Êñá\BIT_Thesis\ÊùéÊµ©Ê®°Êùø\chapter/chap-bibs.aux)
(E:\Â§ßËÆ∫Êñá\BIT_Thesis\ÊùéÊµ©Ê®°Êùø\chapter/chap-pubs.aux)
(E:\Â§ßËÆ∫Êñá\BIT_Thesis\ÊùéÊµ©Ê®°Êùø\chapter/chap-ack.aux))
LaTeX Font Info:    Checking defaults for OML/cmm/m/it on input line 8.
LaTeX Font Info:    ... okay on input line 8.
LaTeX Font Info:    Checking defaults for T1/cmr/m/n on input line 8.
LaTeX Font Info:    ... okay on input line 8.
LaTeX Font Info:    Checking defaults for OT1/cmr/m/n on input line 8.
LaTeX Font Info:    ... okay on input line 8.
LaTeX Font Info:    Checking defaults for OMS/cmsy/m/n on input line 8.
LaTeX Font Info:    ... okay on input line 8.
LaTeX Font Info:    Checking defaults for OMX/cmex/m/n on input line 8.
LaTeX Font Info:    ... okay on input line 8.
LaTeX Font Info:    Checking defaults for U/cmr/m/n on input line 8.
LaTeX Font Info:    ... okay on input line 8.
LaTeX Font Info:    Checking defaults for TS1/cmr/m/n on input line 8.
LaTeX Font Info:    ... okay on input line 8.
LaTeX Font Info:    Checking defaults for C00/song/m/n on input line 8.
LaTeX Font Info:    ... okay on input line 8.
LaTeX Font Info:    Checking defaults for C05/song/m/n on input line 8.
LaTeX Font Info:    ... okay on input line 8.
LaTeX Font Info:    Checking defaults for C09/song/m/n on input line 8.
LaTeX Font Info:    ... okay on input line 8.
LaTeX Font Info:    Checking defaults for C10/song/m/n on input line 8.
LaTeX Font Info:    ... okay on input line 8.
LaTeX Font Info:    Checking defaults for C20/song/m/n on input line 8.
LaTeX Font Info:    ... okay on input line 8.
LaTeX Font Info:    Checking defaults for C19/song/m/n on input line 8.
LaTeX Font Info:    ... okay on input line 8.
LaTeX Font Info:    Checking defaults for C40/song/m/n on input line 8.
LaTeX Font Info:    ... okay on input line 8.
LaTeX Font Info:    Checking defaults for C42/song/m/n on input line 8.
LaTeX Font Info:    ... okay on input line 8.
LaTeX Font Info:    Checking defaults for C43/song/m/n on input line 8.
LaTeX Font Info:    ... okay on input line 8.
LaTeX Font Info:    Checking defaults for C50/song/m/n on input line 8.
LaTeX Font Info:    ... okay on input line 8.
LaTeX Font Info:    Checking defaults for C52/song/m/n on input line 8.
LaTeX Font Info:    ... okay on input line 8.
LaTeX Font Info:    Checking defaults for C49/song/m/n on input line 8.
LaTeX Font Info:    ... okay on input line 8.
LaTeX Font Info:    Checking defaults for C60/mj/m/n on input line 8.
LaTeX Font Info:    ... okay on input line 8.
LaTeX Font Info:    Checking defaults for C61/mj/m/n on input line 8.
LaTeX Font Info:    ... okay on input line 8.
LaTeX Font Info:    Checking defaults for C63/mj/m/n on input line 8.
LaTeX Font Info:    ... okay on input line 8.
LaTeX Font Info:    Checking defaults for C64/mj/m/n on input line 8.
LaTeX Font Info:    ... okay on input line 8.
LaTeX Font Info:    Checking defaults for C65/mj/m/n on input line 8.
LaTeX Font Info:    ... okay on input line 8.
LaTeX Font Info:    Checking defaults for C70/song/m/n on input line 8.
LaTeX Font Info:    ... okay on input line 8.
LaTeX Font Info:    Checking defaults for C31/song/m/n on input line 8.
LaTeX Font Info:    ... okay on input line 8.
LaTeX Font Info:    Checking defaults for C32/song/m/n on input line 8.
LaTeX Font Info:    ... okay on input line 8.
LaTeX Font Info:    Checking defaults for C33/song/m/n on input line 8.
LaTeX Font Info:    ... okay on input line 8.
LaTeX Font Info:    Checking defaults for C34/song/m/n on input line 8.
LaTeX Font Info:    ... okay on input line 8.
LaTeX Font Info:    Checking defaults for C35/song/m/n on input line 8.
LaTeX Font Info:    ... okay on input line 8.
LaTeX Font Info:    Checking defaults for C36/song/m/n on input line 8.
LaTeX Font Info:    ... okay on input line 8.
LaTeX Font Info:    Checking defaults for C37/song/m/n on input line 8.
LaTeX Font Info:    ... okay on input line 8.
LaTeX Font Info:    Checking defaults for C80/song/m/n on input line 8.
LaTeX Font Info:    ... okay on input line 8.
LaTeX Font Info:    Checking defaults for C81/song/m/n on input line 8.
LaTeX Font Info:    ... okay on input line 8.
LaTeX Font Info:    Checking defaults for C01/song/m/n on input line 8.
LaTeX Font Info:    ... okay on input line 8.
LaTeX Font Info:    Checking defaults for C11/song/m/n on input line 8.
LaTeX Font Info:    ... okay on input line 8.
LaTeX Font Info:    Checking defaults for C21/song/m/n on input line 8.
LaTeX Font Info:    ... okay on input line 8.
LaTeX Font Info:    Checking defaults for C41/song/m/n on input line 8.
LaTeX Font Info:    ... okay on input line 8.
LaTeX Font Info:    Checking defaults for C62/song/m/n on input line 8.
LaTeX Font Info:    ... okay on input line 8.
LaTeX Font Info:    Checking defaults for PD1/pdf/m/n on input line 8.
LaTeX Font Info:    ... okay on input line 8.
LaTeX Font Info:    Try loading font information for OT1+ptm on input line 8.

(D:\CTEX\MiKTeX\tex\latex\psnfss\ot1ptm.fd
File: ot1ptm.fd 2001/06/04 font definitions for OT1/ptm.
)
(D:\CTEX\MiKTeX\tex\context\base\supp-pdf.mkii
[Loading MPS to PDF converter (version 2006.09.02).]
\scratchcounter=\count313
\scratchdimen=\dimen264
\scratchbox=\box50
\nofMPsegments=\count314
\nofMParguments=\count315
\everyMPshowfont=\toks28
\MPscratchCnt=\count316
\MPscratchDim=\dimen265
\MPnumerator=\count317
\makeMPintoPDFobject=\count318
\everyMPtoPDFconversion=\toks29
)
\c@lstlisting=\count319

*geometry* driver: auto-detecting
*geometry* detected driver: pdftex
*geometry* verbose mode - [ preamble ] result:
* driver: pdftex
* paper: a4paper
* layout: <same size as paper>
* layoutoffset:(h,v)=(0.0pt,0.0pt)
* modes: twoside 
* h-part:(L,W,R)=(76.82234pt, 443.86319pt, 76.82234pt)
* v-part:(T,H,B)=(105.2751pt, 654.41348pt, 85.35826pt)
* \paperwidth=597.50787pt
* \paperheight=845.04684pt
* \textwidth=443.86319pt
* \textheight=654.41348pt
* \oddsidemargin=4.55235pt
* \evensidemargin=4.55235pt
* \topmargin=-15.32143pt
* \headheight=28.45274pt
* \headsep=19.8738pt
* \topskip=12.0pt
* \footskip=31.2982pt
* \marginparwidth=88.0pt
* \marginparsep=7.0pt
* \columnsep=10.0pt
* \skip\footins=10.8pt plus 4.0pt minus 2.0pt
* \hoffset=0.0pt
* \voffset=0.0pt
* \mag=1000
* \@twocolumnfalse
* \@twosidetrue
* \@mparswitchtrue
* \@reversemarginfalse
* (1in=72.27pt=25.4mm, 1cm=28.453pt)

Package caption Info: Begin \AtBeginDocument code.
Package caption Info: hyperref package is loaded.
Package caption Info: End \AtBeginDocument code.
\AtBeginShipoutBox=\box51
Package hyperref Info: Link coloring ON on input line 8.
(D:\CTEX\MiKTeX\tex\latex\hyperref\nameref.sty
Package: nameref 2010/04/30 v2.40 Cross-referencing by name of section

(D:\CTEX\MiKTeX\tex\generic\oberdiek\gettitlestring.sty
Package: gettitlestring 2010/12/03 v1.4 Cleanup title references (HO)
)
\c@section@level=\count320
LaTeX Info: Redefining \Ref on input line 498.
)
LaTeX Info: Redefining \ref on input line 8.
LaTeX Info: Redefining \pageref on input line 8.
LaTeX Info: Redefining \nameref on input line 8.

(E:\Â§ßËÆ∫Êñá\BIT_Thesis\ÊùéÊµ©Ê®°Êùø\Thesis.out)
(E:\Â§ßËÆ∫Êñá\BIT_Thesis\ÊùéÊµ©Ê®°Êùø\Thesis.out)
\@outlinefile=\write3
LaTeX Info: Redefining \Ref on input line 8.

(D:\CTEX\MiKTeX\tex\latex\cjk\standard.bdg
File: standard.bdg 2008/12/29 4.8.2
)
(D:\CTEX\MiKTeX\tex\latex\cjk\extended.enc
File: extended.enc 2008/12/29 4.8.2
)
(D:\CTEX\MiKTeX\tex\latex\cjk\extended.chr
File: extended.chr 2008/12/29 4.8.2
)
(E:\Â§ßËÆ∫Êñá\BIT_Thesis\ÊùéÊµ©Ê®°Êùø\chapter/chap-firstpage.tex
Underfull \hbox (badness 10000) in paragraph at lines 7--18

 []


Underfull \hbox (badness 10000) in paragraph at lines 7--18

 []


Underfull \hbox (badness 10000) in paragraph at lines 7--18

 []


Underfull \hbox (badness 10000) in paragraph at lines 7--18

 []


Underfull \hbox (badness 10000) in paragraph at lines 7--18

 []


Underfull \hbox (badness 10000) in paragraph at lines 7--18

 []


Underfull \hbox (badness 10000) in paragraph at lines 7--18

 []


Underfull \hbox (badness 10000) in paragraph at lines 7--18

 []


Underfull \hbox (badness 10000) in paragraph at lines 7--18

 []


Underfull \hbox (badness 10000) in paragraph at lines 7--18

 []


Underfull \hbox (badness 10000) in paragraph at lines 7--18

 []

LaTeX Font Info:    Try loading font information for C19+zhhei on input line 21
.
(D:\CTEX\MiKTeX\tex\latex\zhmetrics\c19zhhei.fd
File: c19zhhei.fd 2009/09/23 4.8.2
)
LaTeX Font Info:    Try loading font information for C19+zhsong on input line 3
0.

(D:\CTEX\MiKTeX\tex\latex\zhmetrics\c19zhsong.fd
File: c19zhsong.fd 2009/09/23 4.8.2
) [1



])
(E:\Â§ßËÆ∫Êñá\BIT_Thesis\ÊùéÊµ©Ê®°Êùø\chapter/chap-cover.tex [2

]
Underfull \hbox (badness 10000) in paragraph at lines 15--18

 []


Underfull \hbox (badness 10000) in paragraph at lines 15--18

 []


Underfull \hbox (badness 10000) in paragraph at lines 15--18

 []

LaTeX Font Info:    Calculating math sizes for size <15> on input line 31.
LaTeX Font Info:    Try loading font information for OT1+ztmcm on input line 31
.
(D:\CTEX\MiKTeX\tex\latex\psnfss\ot1ztmcm.fd
File: ot1ztmcm.fd 2000/01/03 Fontinst v1.801 font definitions for OT1/ztmcm.
)
LaTeX Font Info:    Try loading font information for OML+ztmcm on input line 31
.

(D:\CTEX\MiKTeX\tex\latex\psnfss\omlztmcm.fd
File: omlztmcm.fd 2000/01/03 Fontinst v1.801 font definitions for OML/ztmcm.
)
LaTeX Font Info:    Try loading font information for OMS+ztmcm on input line 31
.

(D:\CTEX\MiKTeX\tex\latex\psnfss\omsztmcm.fd
File: omsztmcm.fd 2000/01/03 Fontinst v1.801 font definitions for OMS/ztmcm.
)
LaTeX Font Info:    Try loading font information for OMX+ztmcm on input line 31
.

(D:\CTEX\MiKTeX\tex\latex\psnfss\omxztmcm.fd
File: omxztmcm.fd 2000/01/03 Fontinst v1.801 font definitions for OMX/ztmcm.
)
LaTeX Font Info:    Try loading font information for U+rsfs on input line 31.

(D:\CTEX\MiKTeX\tex\latex\jknappen\ursfs.fd
File: ursfs.fd 1998/03/24 rsfs font definition file (jk)
)

LaTeX Font Warning: Font shape `U/rsfs/m/n' in size <15> not available
(Font)              size <14.4> substituted on input line 31.

LaTeX Font Info:    Font shape `OT1/ptm/bx/n' in size <15> not available
(Font)              Font shape `OT1/ptm/b/n' tried instead on input line 31.
LaTeX Font Info:    Font shape `OT1/ptm/bx/n' in size <11.10008> not available
(Font)              Font shape `OT1/ptm/b/n' tried instead on input line 31.
LaTeX Font Info:    Font shape `OT1/ptm/bx/n' in size <9.00009> not available
(Font)              Font shape `OT1/ptm/b/n' tried instead on input line 31.
[3]
Underfull \hbox (badness 10000) in paragraph at lines 48--52

 []


Underfull \hbox (badness 10000) in paragraph at lines 48--52

 []


Underfull \hbox (badness 10000) in paragraph at lines 48--52

 []


Underfull \hbox (badness 10000) in paragraph at lines 48--52

 []

LaTeX Font Info:    Font shape `OT1/ptm/bx/n' in size <18> not available
(Font)              Font shape `OT1/ptm/b/n' tried instead on input line 55.

Overfull \hbox (35.07469pt too wide) in paragraph at lines 63--64
[]|$[]$| 
 []


Overfull \hbox (27.33385pt too wide) in paragraph at lines 64--65
[]|$[]$| 
 []


Overfull \hbox (27.91476pt too wide) in paragraph at lines 65--66
[]|$[]$| 
 []


Overfull \hbox (36.8142pt too wide) in paragraph at lines 66--67
[]|$[]$| 
 []


Overfull \hbox (103.71825pt too wide) in paragraph at lines 68--69
[]|$[]$| 
 []


Overfull \hbox (28.69307pt too wide) in paragraph at lines 69--70
[]|$[]$| 
 []


Overfull \hbox (40.64961pt too wide) in paragraph at lines 70--71
[]|$[]$| 
 []

) (E:\Â§ßËÆ∫Êñá\BIT_Thesis\ÊùéÊµ©Ê®°Êùø\chapter/chap-name.tex [4]
LaTeX Font Info:    Calculating math sizes for size <16> on input line 11.


LaTeX Font Warning: Font shape `U/rsfs/m/n' in size <16> not available
(Font)              size <17.28> substituted on input line 11.

LaTeX Font Info:    Font shape `OT1/ptm/bx/n' in size <16> not available
(Font)              Font shape `OT1/ptm/b/n' tried instead on input line 11.
LaTeX Font Info:    Font shape `OT1/ptm/bx/n' in size <11.84009> not available
(Font)              Font shape `OT1/ptm/b/n' tried instead on input line 11.
LaTeX Font Info:    Font shape `OT1/ptm/bx/n' in size <9.6001> not available
(Font)              Font shape `OT1/ptm/b/n' tried instead on input line 11.
) (E:\Â§ßËÆ∫Êñá\BIT_Thesis\ÊùéÊµ©Ê®°Êùø\chapter/chap-shengming.tex [5]
LaTeX Font Info:    Font shape `OT1/ptm/bx/n' in size <12> not available
(Font)              Font shape `OT1/ptm/b/n' tried instead on input line 6.
LaTeX Font Info:    Try loading font information for C19+rm on input line 12.

(D:\CTEX\MiKTeX\tex\latex\ctex\fd\c19rm.fd
File: c19rm.fd 2007/05/06 v0.8a ctex font definition file
)
Package CJKpunct Info: punctuation spaces for family 'zhsong' do not exist. Use
 family 'def' instead. on input line 12.
LaTeX Font Info:    Font shape `OT1/ptm/bx/n' in size <14> not available
(Font)              Font shape `OT1/ptm/b/n' tried instead on input line 23.
LaTeX Font Info:    Font shape `OT1/ptm/bx/n' in size <42> not available
(Font)              Font shape `OT1/ptm/b/n' tried instead on input line 23.
)
(E:\Â§ßËÆ∫Êñá\BIT_Thesis\ÊùéÊµ©Ê®°Êùø\chapter/chap-abstract.tex

Package hyperref Warning: Token not allowed in a PDF string (PDFDocEncoding):
(hyperref)                removing `\selfontsize' on input line 1.


Package hyperref Warning: Token not allowed in a PDF string (PDFDocEncoding):
(hyperref)                removing `\selfontsize' on input line 1.

[6] [1

]) [2

] (E:\Â§ßËÆ∫Êñá\BIT_Thesis\ÊùéÊµ©Ê®°Êùø\Thesis.toc
LaTeX Font Info:    Calculating math sizes for size <14> on input line 1.


LaTeX Font Warning: Font shape `U/rsfs/m/n' in size <8.40009> not available
(Font)              size <8> substituted on input line 1.

LaTeX Font Info:    Font shape `OT1/ptm/bx/n' in size <10.36008> not available
(Font)              Font shape `OT1/ptm/b/n' tried instead on input line 1.
LaTeX Font Info:    Font shape `OT1/ptm/bx/n' in size <8.40009> not available
(Font)              Font shape `OT1/ptm/b/n' tried instead on input line 1.
LaTeX Font Info:    Font shape `OT1/ptm/bx/n' in size <9> not available
(Font)              Font shape `OT1/ptm/b/n' tried instead on input line 2.
LaTeX Font Info:    Font shape `OT1/ptm/bx/n' in size <7> not available
(Font)              Font shape `OT1/ptm/b/n' tried instead on input line 2.
[3

])
\tf@toc=\write4
 [4] (E:\Â§ßËÆ∫Êñá\BIT_Thesis\ÊùéÊµ©Ê®°Êùø\chapter/chapter1.tex
µ⁄\hspace {0.25em plus 0.125em minus 0.08em}\ignorespaces 1\hspace {0.25em plus
 0.125em minus 0.08em}\ignorespaces \ignorespaces ’¬
LaTeX Font Info:    Font shape `OT1/ptm/bx/n' in size <5> not available
(Font)              Font shape `OT1/ptm/b/n' tried instead on input line 3.
<figures/chapter1/laser.png, id=459, 851.18pt x 629.35126pt>
File: figures/chapter1/laser.png Graphic file (type png)

<use figures/chapter1/laser.png>
Package pdftex.def Info: figures/chapter1/laser.png used on input line 10.
(pdftex.def)             Requested size: 180.67499pt x 133.58891pt.

<figures/chapter1/camera.PNG, id=460, 467.49657pt x 345.54094pt>
File: figures/chapter1/camera.PNG Graphic file (type png)

<use figures/chapter1/camera.PNG>
Package pdftex.def Info: figures/chapter1/camera.PNG used on input line 12.
(pdftex.def)             Requested size: 180.67499pt x 133.54247pt.


Package hyperref Warning: Token not allowed in a PDF string (PDFDocEncoding):
(hyperref)                removing `\selfontsize' on input line 18.


Package hyperref Warning: Token not allowed in a PDF string (PDFDocEncoding):
(hyperref)                removing `\selfontsize' on input line 18.

[1




 <E:/Â§ßËÆ∫Êñá/BIT_Thesis/ÊùéÊµ©Ê®°Êùø/figures/chapter1/laser.png> <E:/Â§ßËÆ∫Êñ
á/BIT_Thesis/ÊùéÊµ©Ê®°Êùø/figures/chapter1/camera.PNG>]

Package hyperref Warning: Token not allowed in a PDF string (PDFDocEncoding):
(hyperref)                removing `\selfontsize' on input line 30.


Package hyperref Warning: Token not allowed in a PDF string (PDFDocEncoding):
(hyperref)                removing `\selfontsize' on input line 30.

[2]

Package natbib Warning: Citation `songxiaohu-OSM' on page \selfontsize{9pt}3 un
defined on input line 36.


Package natbib Warning: Citation `liyu-jiguagn' on page \selfontsize{9pt}3 unde
fined on input line 38.

)

Package hyperref Warning: Token not allowed in a PDF string (PDFDocEncoding):
(hyperref)                removing `\selfontsize' on input line 41.


Package hyperref Warning: Token not allowed in a PDF string (PDFDocEncoding):
(hyperref)                removing `\selfontsize' on input line 41.

[3] (E:\Â§ßËÆ∫Êñá\BIT_Thesis\ÊùéÊµ©Ê®°Êùø\chapter/chapter2.tex
µ⁄\hspace {0.25em plus 0.125em minus 0.08em}\ignorespaces 2\hspace {0.25em plus
 0.125em minus 0.08em}\ignorespaces \ignorespaces ’¬
<figures/chapter2/qrcode.png, id=491, 819.06pt x 484.81125pt>
File: figures/chapter2/qrcode.png Graphic file (type png)

<use figures/chapter2/qrcode.png>
Package pdftex.def Info: figures/chapter2/qrcode.png used on input line 12.
(pdftex.def)             Requested size: 289.07999pt x 171.11421pt.

<figures/chapter2/ladybug.jpg, id=493, 195.73125pt x 259.97125pt>
File: figures/chapter2/ladybug.jpg Graphic file (type jpg)

<use figures/chapter2/ladybug.jpg>
Package pdftex.def Info: figures/chapter2/ladybug.jpg used on input line 23.
(pdftex.def)             Requested size: 144.54pt x 191.98695pt.


Package hyperref Warning: Token not allowed in a PDF string (PDFDocEncoding):
(hyperref)                removing `\selfontsize' on input line 27.


Package hyperref Warning: Token not allowed in a PDF string (PDFDocEncoding):
(hyperref)                removing `\selfontsize' on input line 27.

[4



]

Package hyperref Warning: Token not allowed in a PDF string (PDFDocEncoding):
(hyperref)                removing `\selfontsize' on input line 30.


Package hyperref Warning: Token not allowed in a PDF string (PDFDocEncoding):
(hyperref)                removing `\selfontsize' on input line 30.

[5 <E:/Â§ßËÆ∫Êñá/BIT_Thesis/ÊùéÊµ©Ê®°Êùø/figures/chapter2/qrcode.png> <E:/Â§ßËÆ
∫Êñá/BIT_Thesis/ÊùéÊµ©Ê®°Êùø/figures/chapter2/ladybug.jpg>]
<figures/chapter2/para.png, id=511, 742.27313pt x 502.12593pt>
File: figures/chapter2/para.png Graphic file (type png)

<use figures/chapter2/para.png>
Package pdftex.def Info: figures/chapter2/para.png used on input line 85.
(pdftex.def)             Requested size: 361.34999pt x 244.44254pt.

<figures/chapter2/RAW927090958.png, id=512, 3513.125pt x 1756.5625pt>
File: figures/chapter2/RAW927090958.png Graphic file (type png)

<use figures/chapter2/RAW927090958.png>
Package pdftex.def Info: figures/chapter2/RAW927090958.png used on input line 9
4.
(pdftex.def)             Requested size: 202.35622pt x 101.15433pt.

<figures/chapter2/RAW1001103021.png, id=513, 3513.125pt x 1756.5625pt>
File: figures/chapter2/RAW1001103021.png Graphic file (type png)

<use figures/chapter2/RAW1001103021.png>
Package pdftex.def Info: figures/chapter2/RAW1001103021.png used on input line 
97.
(pdftex.def)             Requested size: 202.35622pt x 101.15433pt.

<figures/chapter2/IPM927090958.png, id=514, 602.25pt x 602.25pt>
File: figures/chapter2/IPM927090958.png Graphic file (type png)

<use figures/chapter2/IPM927090958.png>
Package pdftex.def Info: figures/chapter2/IPM927090958.png used on input line 1
06.
(pdftex.def)             Requested size: 173.44756pt x 173.44418pt.

<figures/chapter2/IPM1001103021.png, id=515, 602.25pt x 602.25pt>
File: figures/chapter2/IPM1001103021.png Graphic file (type png)

<use figures/chapter2/IPM1001103021.png>
Package pdftex.def Info: figures/chapter2/IPM1001103021.png used on input line 
109.
(pdftex.def)             Requested size: 173.44756pt x 173.44418pt.

Underfull \vbox (badness 1226) has occurred while \output is active []



Package hyperref Warning: Token not allowed in a PDF string (PDFDocEncoding):
(hyperref)                removing `\selfontsize' on input line 121.


Package hyperref Warning: Token not allowed in a PDF string (PDFDocEncoding):
(hyperref)                removing `\selfontsize' on input line 121.

[6]

Package hyperref Warning: Token not allowed in a PDF string (PDFDocEncoding):
(hyperref)                removing `\selfontsize' on input line 121.


Package hyperref Warning: Token not allowed in a PDF string (PDFDocEncoding):
(hyperref)                removing `\selfontsize' on input line 121.

[7 <E:/Â§ßËÆ∫Êñá/BIT_Thesis/ÊùéÊµ©Ê®°Êùø/figures/chapter2/para.png> <E:/Â§ßËÆ∫Ê
ñá/BIT_Thesis/ÊùéÊµ©Ê®°Êùø/figures/chapter2/RAW927090958.png (PNG copy)> <E:/Â§
ßËÆ∫Êñá/BIT_Thesis/ÊùéÊµ©Ê®°Êùø/figures/chapter2/RAW1001103021.png (PNG copy)> 
<E:/Â§ßËÆ∫Êñá/BIT_Thesis/ÊùéÊµ©Ê®°Êùø/figures/chapter2/IPM927090958.png (PNG co
py)> <E:/Â§ßËÆ∫Êñá/BIT_Thesis/ÊùéÊµ©Ê®°Êùø/figures/chapter2/IPM1001103021.png (
PNG copy)>]
File: figures/chapter2/IPM927090958.png Graphic file (type png)
 <use figures/chapter2/IPM927090958.png>
Package pdftex.def Info: figures/chapter2/IPM927090958.png used on input line 1
33.
(pdftex.def)             Requested size: 144.54pt x 144.54294pt.

<figures/chapter2/res.png, id=545, 602.25pt x 602.25pt>
File: figures/chapter2/res.png Graphic file (type png)

<use figures/chapter2/res.png>
Package pdftex.def Info: figures/chapter2/res.png used on input line 136.
(pdftex.def)             Requested size: 144.54pt x 144.54294pt.

<figures/chapter2/car_mask.png, id=546, 602.25pt x 602.25pt>
File: figures/chapter2/car_mask.png Graphic file (type png)

<use figures/chapter2/car_mask.png>
Package pdftex.def Info: figures/chapter2/car_mask.png used on input line 139.
(pdftex.def)             Requested size: 144.54pt x 144.54294pt.

<figures/chapter2/area_num.png, id=547, 443.40656pt x 529.98pt>
File: figures/chapter2/area_num.png Graphic file (type png)

<use figures/chapter2/area_num.png>
Package pdftex.def Info: figures/chapter2/area_num.png used on input line 142.
(pdftex.def)             Requested size: 144.54pt x 172.759pt.


Package hyperref Warning: Token not allowed in a PDF string (PDFDocEncoding):
(hyperref)                removing `\selfontsize' on input line 145.


Package hyperref Warning: Token not allowed in a PDF string (PDFDocEncoding):
(hyperref)                removing `\selfontsize' on input line 145.

[8] <figures/chapter2/road_cross.png, id=557, 600.74437pt x 403.5075pt>
File: figures/chapter2/road_cross.png Graphic file (type png)

<use figures/chapter2/road_cross.png>
Package pdftex.def Info: figures/chapter2/road_cross.png used on input line 155
.
(pdftex.def)             Requested size: 202.35622pt x 135.91623pt.

<figures/chapter2/road_net.png, id=558, 652.68843pt x 426.09187pt>
File: figures/chapter2/road_net.png Graphic file (type png)

<use figures/chapter2/road_net.png>
Package pdftex.def Info: figures/chapter2/road_net.png used on input line 158.
(pdftex.def)             Requested size: 202.35622pt x 132.10011pt.
)
Underfull \vbox (badness 7012) has occurred while \output is active []



Package hyperref Warning: Token not allowed in a PDF string (PDFDocEncoding):
(hyperref)                removing `\selfontsize' on input line 42.


Package hyperref Warning: Token not allowed in a PDF string (PDFDocEncoding):
(hyperref)                removing `\selfontsize' on input line 42.

[9 <E:/Â§ßËÆ∫Êñá/BIT_Thesis/ÊùéÊµ©Ê®°Êùø/figures/chapter2/res.png> <E:/Â§ßËÆ∫Êñ
á/BIT_Thesis/ÊùéÊµ©Ê®°Êùø/figures/chapter2/car_mask.png> <E:/Â§ßËÆ∫Êñá/BIT_Thes
is/ÊùéÊµ©Ê®°Êùø/figures/chapter2/area_num.png>]

Package hyperref Warning: Token not allowed in a PDF string (PDFDocEncoding):
(hyperref)                removing `\selfontsize' on input line 42.


Package hyperref Warning: Token not allowed in a PDF string (PDFDocEncoding):
(hyperref)                removing `\selfontsize' on input line 42.

[10 <E:/Â§ßËÆ∫Êñá/BIT_Thesis/ÊùéÊµ©Ê®°Êùø/figures/chapter2/road_cross.png> <E:/
Â§ßËÆ∫Êñá/BIT_Thesis/ÊùéÊµ©Ê®°Êùø/figures/chapter2/road_net.png>]
(E:\Â§ßËÆ∫Êñá\BIT_Thesis\ÊùéÊµ©Ê®°Êùø\chapter/chapter3.tex
µ⁄\hspace {0.25em plus 0.125em minus 0.08em}\ignorespaces 3\hspace {0.25em plus
 0.125em minus 0.08em}\ignorespaces \ignorespaces ’¬
<figures/chapter3/focal.png, id=580, 665.48625pt x 367.3725pt>
File: figures/chapter3/focal.png Graphic file (type png)

<use figures/chapter3/focal.png>
Package pdftex.def Info: figures/chapter3/focal.png used on input line 16.
(pdftex.def)             Requested size: 361.34999pt x 199.4825pt.


Package hyperref Warning: Token not allowed in a PDF string (PDFDocEncoding):
(hyperref)                removing `\selfontsize' on input line 22.


Package hyperref Warning: Token not allowed in a PDF string (PDFDocEncoding):
(hyperref)                removing `\selfontsize' on input line 22.

[11



] <figures/chapter3/pinhole.png, id=590, 1411.52344pt x 651.18282pt>
File: figures/chapter3/pinhole.png Graphic file (type png)

<use figures/chapter3/pinhole.png>
Package pdftex.def Info: figures/chapter3/pinhole.png used on input line 25.
(pdftex.def)             Requested size: 361.34999pt x 166.70024pt.

<figures/chapter3/firstperson.png, id=592, 474.27188pt x 358.33875pt>
File: figures/chapter3/firstperson.png Graphic file (type png)

<use figures/chapter3/firstperson.png>
Package pdftex.def Info: figures/chapter3/firstperson.png used on input line 39
.
(pdftex.def)             Requested size: 361.34999pt x 273.02922pt.


Package hyperref Warning: Token not allowed in a PDF string (PDFDocEncoding):
(hyperref)                removing `\selfontsize' on input line 43.


Package hyperref Warning: Token not allowed in a PDF string (PDFDocEncoding):
(hyperref)                removing `\selfontsize' on input line 43.

[12 <E:/Â§ßËÆ∫Êñá/BIT_Thesis/ÊùéÊµ©Ê®°Êùø/figures/chapter3/focal.png> <E:/Â§ßËÆ
∫Êñá/BIT_Thesis/ÊùéÊµ©Ê®°Êùø/figures/chapter3/pinhole.png>]

Package hyperref Warning: Token not allowed in a PDF string (PDFDocEncoding):
(hyperref)                removing `\selfontsize' on input line 52.


Package hyperref Warning: Token not allowed in a PDF string (PDFDocEncoding):
(hyperref)                removing `\selfontsize' on input line 52.

[13 <E:/Â§ßËÆ∫Êñá/BIT_Thesis/ÊùéÊµ©Ê®°Êùø/figures/chapter3/firstperson.png>]
Underfull \vbox (badness 10000) has occurred while \output is active []



Package hyperref Warning: Token not allowed in a PDF string (PDFDocEncoding):
(hyperref)                removing `\selfontsize' on input line 127.


Package hyperref Warning: Token not allowed in a PDF string (PDFDocEncoding):
(hyperref)                removing `\selfontsize' on input line 127.

[14] <figures/chapter3/transform.png, id=620, 545.03625pt x 699.8145pt>
File: figures/chapter3/transform.png Graphic file (type png)

<use figures/chapter3/transform.png>
Package pdftex.def Info: figures/chapter3/transform.png used on input line 130.

(pdftex.def)             Requested size: 289.07999pt x 371.16687pt.

<figures/chapter3/transform-coordinate.png, id=621, 671.50874pt x 481.04718pt>
File: figures/chapter3/transform-coordinate.png Graphic file (type png)

<use figures/chapter3/transform-coordinate.png>
Package pdftex.def Info: figures/chapter3/transform-coordinate.png used on inpu
t line 136.
(pdftex.def)             Requested size: 361.34999pt x 258.85876pt.


Package hyperref Warning: Token not allowed in a PDF string (PDFDocEncoding):
(hyperref)                removing `\selfontsize' on input line 177.


Package hyperref Warning: Token not allowed in a PDF string (PDFDocEncoding):
(hyperref)                removing `\selfontsize' on input line 177.

[15 <E:/Â§ßËÆ∫Êñá/BIT_Thesis/ÊùéÊµ©Ê®°Êùø/figures/chapter3/transform.png>]
<figures/chapter3/radial-distortion.PNG, id=638, 441.90094pt x 307.1475pt>
File: figures/chapter3/radial-distortion.PNG Graphic file (type png)

<use figures/chapter3/radial-distortion.PNG>
Package pdftex.def Info: figures/chapter3/radial-distortion.PNG used on input l
ine 191.
(pdftex.def)             Requested size: 180.67499pt x 125.57977pt.

<figures/chapter3/non-radial-distortion.PNG, id=639, 459.96844pt x 304.88907pt>
File: figures/chapter3/non-radial-distortion.PNG Graphic file (type png)
<use figures/chapter3/non-radial-distortion.PNG>
Package pdftex.def Info: figures/chapter3/non-radial-distortion.PNG used on inp
ut line 194.
(pdftex.def)             Requested size: 180.67499pt x 119.76227pt.

Underfull \vbox (badness 10000) has occurred while \output is active []



Package hyperref Warning: Token not allowed in a PDF string (PDFDocEncoding):
(hyperref)                removing `\selfontsize' on input line 202.


Package hyperref Warning: Token not allowed in a PDF string (PDFDocEncoding):
(hyperref)                removing `\selfontsize' on input line 202.

[16 <E:/Â§ßËÆ∫Êñá/BIT_Thesis/ÊùéÊµ©Ê®°Êùø/figures/chapter3/transform-coordinate
.png>]

Package hyperref Warning: Token not allowed in a PDF string (PDFDocEncoding):
(hyperref)                removing `\selfontsize' on input line 214.


Package hyperref Warning: Token not allowed in a PDF string (PDFDocEncoding):
(hyperref)                removing `\selfontsize' on input line 214.

[17 <E:/Â§ßËÆ∫Êñá/BIT_Thesis/ÊùéÊµ©Ê®°Êùø/figures/chapter3/radial-distortion.PN
G> <E:/Â§ßËÆ∫Êñá/BIT_Thesis/ÊùéÊµ©Ê®°Êùø/figures/chapter3/non-radial-distortion
.PNG>]
LaTeX Font Info:    Try loading font information for OMS+ptm on input line 215.

 (D:\CTEX\MiKTeX\tex\latex\psnfss\omsptm.fd
File: omsptm.fd 
)
LaTeX Font Info:    Font shape `OMS/ptm/m/n' in size <12> not available
(Font)              Font shape `OMS/cmsy/m/n' tried instead on input line 215.

<figures/chapter3/global-local.jpg, id=667, 682.55pt x 202.7575pt>
File: figures/chapter3/global-local.jpg Graphic file (type jpg)

<use figures/chapter3/global-local.jpg>
Package pdftex.def Info: figures/chapter3/global-local.jpg used on input line 2
23.
(pdftex.def)             Requested size: 361.34999pt x 107.3434pt.


Package hyperref Warning: Token not allowed in a PDF string (PDFDocEncoding):
(hyperref)                removing `\selfontsize' on input line 229.


Package hyperref Warning: Token not allowed in a PDF string (PDFDocEncoding):
(hyperref)                removing `\selfontsize' on input line 229.

[18 <E:/Â§ßËÆ∫Êñá/BIT_Thesis/ÊùéÊµ©Ê®°Êùø/figures/chapter3/global-local.jpg>]

LaTeX Warning: Reference `nor-lap-equation' on page \selfontsize{9pt}19 undefin
ed on input line 248.


Underfull \vbox (badness 10000) has occurred while \output is active []



Package hyperref Warning: Token not allowed in a PDF string (PDFDocEncoding):
(hyperref)                removing `\selfontsize' on input line 261.


Package hyperref Warning: Token not allowed in a PDF string (PDFDocEncoding):
(hyperref)                removing `\selfontsize' on input line 261.

[19] <figures/chapter3/octave.jpg, id=696, 652.4375pt x 244.915pt>
File: figures/chapter3/octave.jpg Graphic file (type jpg)

<use figures/chapter3/octave.jpg>
Package pdftex.def Info: figures/chapter3/octave.jpg used on input line 266.
(pdftex.def)             Requested size: 390.25755pt x 146.50166pt.

<figures/chapter3/siftDescriptor.jpg, id=698, 592.2125pt x 285.065pt>
File: figures/chapter3/siftDescriptor.jpg Graphic file (type jpg)

<use figures/chapter3/siftDescriptor.jpg>
Package pdftex.def Info: figures/chapter3/siftDescriptor.jpg used on input line
 278.
(pdftex.def)             Requested size: 361.34999pt x 173.94159pt.

Underfull \vbox (badness 1571) has occurred while \output is active []



Package hyperref Warning: Token not allowed in a PDF string (PDFDocEncoding):
(hyperref)                removing `\selfontsize' on input line 282.


Package hyperref Warning: Token not allowed in a PDF string (PDFDocEncoding):
(hyperref)                removing `\selfontsize' on input line 282.

[20 <E:/Â§ßËÆ∫Êñá/BIT_Thesis/ÊùéÊµ©Ê®°Êùø/figures/chapter3/octave.jpg>]
<figures/chapter3/testPho/1_res.png, id=706, 602.25pt x 181.67876pt>
File: figures/chapter3/testPho/1_res.png Graphic file (type png)

<use figures/chapter3/testPho/1_res.png>
Package pdftex.def Info: figures/chapter3/testPho/1_res.png used on input line 
288.
(pdftex.def)             Requested size: 187.90244pt x 56.68298pt.

<figures/chapter3/testPho/2_res.png, id=707, 602.25pt x 181.67876pt>
File: figures/chapter3/testPho/2_res.png Graphic file (type png)

<use figures/chapter3/testPho/2_res.png>
Package pdftex.def Info: figures/chapter3/testPho/2_res.png used on input line 
291.
(pdftex.def)             Requested size: 187.90244pt x 56.68298pt.

<figures/chapter3/testPho/3_res.png, id=708, 602.25pt x 181.67876pt>
File: figures/chapter3/testPho/3_res.png Graphic file (type png)

<use figures/chapter3/testPho/3_res.png>
Package pdftex.def Info: figures/chapter3/testPho/3_res.png used on input line 
294.
(pdftex.def)             Requested size: 187.90244pt x 56.68298pt.

<figures/chapter3/testPho/4_res.png, id=709, 602.25pt x 181.67876pt>
File: figures/chapter3/testPho/4_res.png Graphic file (type png)

<use figures/chapter3/testPho/4_res.png>
Package pdftex.def Info: figures/chapter3/testPho/4_res.png used on input line 
297.
(pdftex.def)             Requested size: 187.90244pt x 56.68298pt.


Package hyperref Warning: Token not allowed in a PDF string (PDFDocEncoding):
(hyperref)                removing `\selfontsize' on input line 306.


Package hyperref Warning: Token not allowed in a PDF string (PDFDocEncoding):
(hyperref)                removing `\selfontsize' on input line 306.

[21 <E:/Â§ßËÆ∫Êñá/BIT_Thesis/ÊùéÊµ©Ê®°Êùø/figures/chapter3/siftDescriptor.jpg> 
<E:/Â§ßËÆ∫Êñá/BIT_Thesis/ÊùéÊµ©Ê®°Êùø/figures/chapter3/testPho/1_res.png (PNG c
opy)> <E:/Â§ßËÆ∫Êñá/BIT_Thesis/ÊùéÊµ©Ê®°Êùø/figures/chapter3/testPho/2_res.png 
(PNG copy)> <E:/Â§ßËÆ∫Êñá/BIT_Thesis/ÊùéÊµ©Ê®°Êùø/figures/chapter3/testPho/3_re
s.png (PNG copy)> <E:/Â§ßËÆ∫Êñá/BIT_Thesis/ÊùéÊµ©Ê®°Êùø/figures/chapter3/testPh
o/4_res.png (PNG copy)>]

LaTeX Warning: Reference `matches' on page \selfontsize{9pt}22 undefined on inp
ut line 314.


Package hyperref Warning: Token not allowed in a PDF string (PDFDocEncoding):
(hyperref)                removing `\selfontsize' on input line 322.


Package hyperref Warning: Token not allowed in a PDF string (PDFDocEncoding):
(hyperref)                removing `\selfontsize' on input line 322.

[22] <figures/chapter3/homography.png, id=728, 586.44093pt x 270.25969pt>
File: figures/chapter3/homography.png Graphic file (type png)

<use figures/chapter3/homography.png>
Package pdftex.def Info: figures/chapter3/homography.png used on input line 346
.
(pdftex.def)             Requested size: 361.34999pt x 166.52419pt.


Package hyperref Warning: Token not allowed in a PDF string (PDFDocEncoding):
(hyperref)                removing `\selfontsize' on input line 405.


Package hyperref Warning: Token not allowed in a PDF string (PDFDocEncoding):
(hyperref)                removing `\selfontsize' on input line 405.

[23 <E:/Â§ßËÆ∫Êñá/BIT_Thesis/ÊùéÊµ©Ê®°Êùø/figures/chapter3/homography.png>]
Underfull \vbox (badness 10000) has occurred while \output is active []



Package hyperref Warning: Token not allowed in a PDF string (PDFDocEncoding):
(hyperref)                removing `\selfontsize' on input line 434.


Package hyperref Warning: Token not allowed in a PDF string (PDFDocEncoding):
(hyperref)                removing `\selfontsize' on input line 434.

[24]
<figures/chapter3/matches/000400_H_000415.png, id=748, 2461.195pt x 371.3875pt>
File: figures/chapter3/matches/000400_H_000415.png Graphic file (type png)
<use figures/chapter3/matches/000400_H_000415.png>
Package pdftex.def Info: figures/chapter3/matches/000400_H_000415.png used on i
nput line 441.
(pdftex.def)             Requested size: 202.35622pt x 30.5333pt.

<figures/chapter3/matches/000400_H_000424.png, id=749, 2461.195pt x 371.3875pt>
File: figures/chapter3/matches/000400_H_000424.png Graphic file (type png)
<use figures/chapter3/matches/000400_H_000424.png>
Package pdftex.def Info: figures/chapter3/matches/000400_H_000424.png used on i
nput line 444.
(pdftex.def)             Requested size: 202.35622pt x 30.5333pt.

<figures/chapter3/matches/000415_H_000424.png, id=750, 2461.195pt x 371.3875pt>
File: figures/chapter3/matches/000415_H_000424.png Graphic file (type png)
<use figures/chapter3/matches/000415_H_000424.png>
Package pdftex.def Info: figures/chapter3/matches/000415_H_000424.png used on i
nput line 447.
(pdftex.def)             Requested size: 202.35622pt x 30.5333pt.

<figures/chapter3/matches/000400_U_000415.png, id=751, 2461.195pt x 371.3875pt>
File: figures/chapter3/matches/000400_U_000415.png Graphic file (type png)
<use figures/chapter3/matches/000400_U_000415.png>
Package pdftex.def Info: figures/chapter3/matches/000400_U_000415.png used on i
nput line 450.
(pdftex.def)             Requested size: 202.35622pt x 30.5333pt.

<figures/chapter3/matches/000400_U_000424.png, id=752, 2461.195pt x 371.3875pt>
File: figures/chapter3/matches/000400_U_000424.png Graphic file (type png)
<use figures/chapter3/matches/000400_U_000424.png>
Package pdftex.def Info: figures/chapter3/matches/000400_U_000424.png used on i
nput line 453.
(pdftex.def)             Requested size: 202.35622pt x 30.5333pt.

<figures/chapter3/matches/000415_U_000424.png, id=753, 2461.195pt x 371.3875pt>
File: figures/chapter3/matches/000415_U_000424.png Graphic file (type png)
<use figures/chapter3/matches/000415_U_000424.png>
Package pdftex.def Info: figures/chapter3/matches/000415_U_000424.png used on i
nput line 456.
(pdftex.def)             Requested size: 202.35622pt x 30.5333pt.
Missing character: There is no ò in font zptmcm7t!
Missing character: There is no ò in font zptmcm7t!
Missing character: There is no ò in font zptmcm7t!


Package hyperref Warning: Token not allowed in a PDF string (PDFDocEncoding):
(hyperref)                removing `\selfontsize' on input line 481.


Package hyperref Warning: Token not allowed in a PDF string (PDFDocEncoding):
(hyperref)                removing `\selfontsize' on input line 481.

[25]

Package hyperref Warning: Token not allowed in a PDF string (PDFDocEncoding):
(hyperref)                removing `\selfontsize' on input line 487.


Package hyperref Warning: Token not allowed in a PDF string (PDFDocEncoding):
(hyperref)                removing `\selfontsize' on input line 487.

[26 <E:/Â§ßËÆ∫Êñá/BIT_Thesis/ÊùéÊµ©Ê®°Êùø/figures/chapter3/matches/000400_H_000
415.png (PNG copy)> <E:/Â§ßËÆ∫Êñá/BIT_Thesis/ÊùéÊµ©Ê®°Êùø/figures/chapter3/matc
hes/000400_H_000424.png (PNG copy)> <E:/Â§ßËÆ∫Êñá/BIT_Thesis/ÊùéÊµ©Ê®°Êùø/figur
es/chapter3/matches/000415_H_000424.png (PNG copy)> <E:/Â§ßËÆ∫Êñá/BIT_Thesis/Êù
éÊµ©Ê®°Êùø/figures/chapter3/matches/000400_U_000415.png (PNG copy)> <E:/Â§ßËÆ∫Ê
ñá/BIT_Thesis/ÊùéÊµ©Ê®°Êùø/figures/chapter3/matches/000400_U_000424.png (PNG co
py)> <E:/Â§ßËÆ∫Êñá/BIT_Thesis/ÊùéÊµ©Ê®°Êùø/figures/chapter3/matches/000415_U_00
0424.png (PNG copy)>]
<figures/chapter3/epipolor.png, id=777, 679.78969pt x 462.22687pt>
File: figures/chapter3/epipolor.png Graphic file (type png)

<use figures/chapter3/epipolor.png>
Package pdftex.def Info: figures/chapter3/epipolor.png used on input line 492.
(pdftex.def)             Requested size: 390.25755pt x 265.3552pt.

<figures/chapter3/epipolorLine/points.png, id=778, 922.94812pt x 278.54062pt>
File: figures/chapter3/epipolorLine/points.png Graphic file (type png)

<use figures/chapter3/epipolorLine/points.png>
Package pdftex.def Info: figures/chapter3/epipolorLine/points.png used on input
 line 509.
(pdftex.def)             Requested size: 390.25755pt x 117.7768pt.

<figures/chapter3/epipolorLine/lines.png, id=779, 922.94812pt x 278.54062pt>
File: figures/chapter3/epipolorLine/lines.png Graphic file (type png)

<use figures/chapter3/epipolorLine/lines.png>
Package pdftex.def Info: figures/chapter3/epipolorLine/lines.png used on input 
line 512.
(pdftex.def)             Requested size: 390.25755pt x 117.7768pt.


Package hyperref Warning: Token not allowed in a PDF string (PDFDocEncoding):
(hyperref)                removing `\selfontsize' on input line 518.


Package hyperref Warning: Token not allowed in a PDF string (PDFDocEncoding):
(hyperref)                removing `\selfontsize' on input line 518.

[27]

Package hyperref Warning: Token not allowed in a PDF string (PDFDocEncoding):
(hyperref)                removing `\selfontsize' on input line 518.


Package hyperref Warning: Token not allowed in a PDF string (PDFDocEncoding):
(hyperref)                removing `\selfontsize' on input line 518.

[28 <E:/Â§ßËÆ∫Êñá/BIT_Thesis/ÊùéÊµ©Ê®°Êùø/figures/chapter3/epipolor.png> <E:/Â§
ßËÆ∫Êñá/BIT_Thesis/ÊùéÊµ©Ê®°Êùø/figures/chapter3/epipolorLine/points.png> <E:/Â
§ßËÆ∫Êñá/BIT_Thesis/ÊùéÊµ©Ê®°Êùø/figures/chapter3/epipolorLine/lines.png>]
<figures/chapter3/essentialMatrix.png, id=800, 430.60875pt x 283.0575pt>
File: figures/chapter3/essentialMatrix.png Graphic file (type png)

<use figures/chapter3/essentialMatrix.png>
Package pdftex.def Info: figures/chapter3/essentialMatrix.png used on input lin
e 570.
(pdftex.def)             Requested size: 390.25755pt x 256.53749pt.


Package hyperref Warning: Token not allowed in a PDF string (PDFDocEncoding):
(hyperref)                removing `\selfontsize' on input line 582.


Package hyperref Warning: Token not allowed in a PDF string (PDFDocEncoding):
(hyperref)                removing `\selfontsize' on input line 582.

[29]
Underfull \vbox (badness 10000) has occurred while \output is active []



Package hyperref Warning: Token not allowed in a PDF string (PDFDocEncoding):
(hyperref)                removing `\selfontsize' on input line 628.


Package hyperref Warning: Token not allowed in a PDF string (PDFDocEncoding):
(hyperref)                removing `\selfontsize' on input line 628.

[30 <E:/Â§ßËÆ∫Êñá/BIT_Thesis/ÊùéÊµ©Ê®°Êùø/figures/chapter3/essentialMatrix.png>
] <figures/chapter3/essentialfromRT.png, id=815, 594.72188pt x 200.24812pt>
File: figures/chapter3/essentialfromRT.png Graphic file (type png)

<use figures/chapter3/essentialfromRT.png>
Package pdftex.def Info: figures/chapter3/essentialfromRT.png used on input lin
e 632.
(pdftex.def)             Requested size: 375.80377pt x 126.53587pt.


Package hyperref Warning: Token not allowed in a PDF string (PDFDocEncoding):
(hyperref)                removing `\selfontsize' on input line 653.


Package hyperref Warning: Token not allowed in a PDF string (PDFDocEncoding):
(hyperref)                removing `\selfontsize' on input line 653.

[31 <E:/Â§ßËÆ∫Êñá/BIT_Thesis/ÊùéÊµ©Ê®°Êùø/figures/chapter3/essentialfromRT.png>
] <figures/chapter3/triangulation.png, id=824, 436.63126pt x 295.1025pt>
File: figures/chapter3/triangulation.png Graphic file (type png)

<use figures/chapter3/triangulation.png>
Package pdftex.def Info: figures/chapter3/triangulation.png used on input line 
657.
(pdftex.def)             Requested size: 375.80377pt x 253.99031pt.


Package hyperref Warning: Token not allowed in a PDF string (PDFDocEncoding):
(hyperref)                removing `\selfontsize' on input line 684.


Package hyperref Warning: Token not allowed in a PDF string (PDFDocEncoding):
(hyperref)                removing `\selfontsize' on input line 684.

[32 <E:/Â§ßËÆ∫Êñá/BIT_Thesis/ÊùéÊµ©Ê®°Êùø/figures/chapter3/triangulation.png>]

LaTeX Warning: Reference `pnp-svd-equation' on page \selfontsize{9pt}33 undefin
ed on input line 755.


LaTeX Warning: Reference `pnp-svd-equation' on page \selfontsize{9pt}33 undefin
ed on input line 755.


Package hyperref Warning: Token not allowed in a PDF string (PDFDocEncoding):
(hyperref)                removing `\selfontsize' on input line 756.


Package hyperref Warning: Token not allowed in a PDF string (PDFDocEncoding):
(hyperref)                removing `\selfontsize' on input line 756.

[33]

Package hyperref Warning: Token not allowed in a PDF string (PDFDocEncoding):
(hyperref)                removing `\selfontsize' on input line 789.


Package hyperref Warning: Token not allowed in a PDF string (PDFDocEncoding):
(hyperref)                removing `\selfontsize' on input line 789.

[34] <figures/chapter3/ba.png, id=854, 512.66531pt x 365.11406pt>
File: figures/chapter3/ba.png Graphic file (type png)

<use figures/chapter3/ba.png>
Package pdftex.def Info: figures/chapter3/ba.png used on input line 829.
(pdftex.def)             Requested size: 390.25755pt x 277.94083pt.

Underfull \vbox (badness 5008) has occurred while \output is active []



Package hyperref Warning: Token not allowed in a PDF string (PDFDocEncoding):
(hyperref)                removing `\selfontsize' on input line 833.


Package hyperref Warning: Token not allowed in a PDF string (PDFDocEncoding):
(hyperref)                removing `\selfontsize' on input line 833.

[35] <figures/chapter3/jag.png, id=865, 612.78937pt x 328.22626pt>
File: figures/chapter3/jag.png Graphic file (type png)

<use figures/chapter3/jag.png>
Package pdftex.def Info: figures/chapter3/jag.png used on input line 836.
(pdftex.def)             Requested size: 390.25755pt x 209.03236pt.

Underfull \vbox (badness 10000) has occurred while \output is active []



Package hyperref Warning: Token not allowed in a PDF string (PDFDocEncoding):
(hyperref)                removing `\selfontsize' on input line 855.


Package hyperref Warning: Token not allowed in a PDF string (PDFDocEncoding):
(hyperref)                removing `\selfontsize' on input line 855.

[36 <E:/Â§ßËÆ∫Êñá/BIT_Thesis/ÊùéÊµ©Ê®°Êùø/figures/chapter3/ba.png>]
Overfull \hbox (46.92017pt too wide) in paragraph at lines 882--897
\C19/zhsong/m/n/12/52 Ÿ \C19/zhsong/m/n/12/64 •|\C19/zhsong/m/n/12/26 ß| $\OML/
ztmcm/m/it/12 A$\C19/zhsong/m/n/12/37 7 \C19/zhsong/m/n/12/60 L \C19/zhsong/m/n
/12/55 ¥ \C19/zhsong/m/n/12/41 ö \C19/zhsong/m/n/12/52 € \C19/zhsong/m/n/12/61 
… \C19/zhsong/m/n/12/41 ê \C19/zhsong/m/n/12/64 
|\C19/zhsong/m/n/12/26 ß| $\OML/ztmcm/m/it/12 D$\C19/zhsong/m/n/12/38 ° \C19/zh
song/m/n/12/58 è$\OML/ztmcm/m/it/12 A$\C19/zhsong/m/n/12/63 3$\OML/ztmcm/m/it/1
2 M$\C19/zhsong/m/n/12/64 • \C19/zhsong/m/n/12/40 \OT1/ptm/m/n/12 Schur Com-pl
e-men-t|\C19/rm/m/n/12/25 "| \C19/zhsong/m/n/12/56 § \C19/zhsong/m/n/12/61 ± \C
19/zhsong/m/n/12/55 ¶ \C19/zhsong/m/n/12/62 ^ \C19/zhsong/m/n/12/46 › \C19/zhso
ng/m/n/12/64 
$[]$\C19/zhsong/m/n/12/65 Ü
 []


Underfull \vbox (badness 10000) has occurred while \output is active []



Package hyperref Warning: Token not allowed in a PDF string (PDFDocEncoding):
(hyperref)                removing `\selfontsize' on input line 902.


Package hyperref Warning: Token not allowed in a PDF string (PDFDocEncoding):
(hyperref)                removing `\selfontsize' on input line 902.

[37 <E:/Â§ßËÆ∫Êñá/BIT_Thesis/ÊùéÊµ©Ê®°Êùø/figures/chapter3/jag.png>]
<figures/chapter3/BA/before_small.jpg, id=886, 948.54375pt x 449.68pt>
File: figures/chapter3/BA/before_small.jpg Graphic file (type jpg)

<use figures/chapter3/BA/before_small.jpg>
Package pdftex.def Info: figures/chapter3/BA/before_small.jpg used on input lin
e 925.
(pdftex.def)             Requested size: 390.25755pt x 185.00812pt.

<figures/chapter3/BA/after_small.jpg, id=887, 950.55125pt x 452.69125pt>
File: figures/chapter3/BA/after_small.jpg Graphic file (type jpg)

<use figures/chapter3/BA/after_small.jpg>
Package pdftex.def Info: figures/chapter3/BA/after_small.jpg used on input line
 927.
(pdftex.def)             Requested size: 390.25755pt x 185.85327pt.


Package hyperref Warning: Token not allowed in a PDF string (PDFDocEncoding):
(hyperref)                removing `\selfontsize' on input line 931.


Package hyperref Warning: Token not allowed in a PDF string (PDFDocEncoding):
(hyperref)                removing `\selfontsize' on input line 931.

[38]
Package CJKpunct Info: punctuation spaces for family 'zhhei' do not exist. Use 
family 'def' instead. on input line 934.
)

Package hyperref Warning: Token not allowed in a PDF string (PDFDocEncoding):
(hyperref)                removing `\selfontsize' on input line 43.


Package hyperref Warning: Token not allowed in a PDF string (PDFDocEncoding):
(hyperref)                removing `\selfontsize' on input line 43.

[39 <E:/Â§ßËÆ∫Êñá/BIT_Thesis/ÊùéÊµ©Ê®°Êùø/figures/chapter3/BA/before_small.jpg>
 <E:/Â§ßËÆ∫Êñá/BIT_Thesis/ÊùéÊµ©Ê®°Êùø/figures/chapter3/BA/after_small.jpg>]

Package hyperref Warning: Token not allowed in a PDF string (PDFDocEncoding):
(hyperref)                removing `\selfontsize' on input line 43.


Package hyperref Warning: Token not allowed in a PDF string (PDFDocEncoding):
(hyperref)                removing `\selfontsize' on input line 43.

[40] (E:\Â§ßËÆ∫Êñá\BIT_Thesis\ÊùéÊµ©Ê®°Êùø\chapter/chapter4.tex
µ⁄\hspace {0.25em plus 0.125em minus 0.08em}\ignorespaces 4\hspace {0.25em plus
 0.125em minus 0.08em}\ignorespaces \ignorespaces ’¬
<figures/chapter4/trainimage.png, id=912, 144.54pt x 89.133pt>
File: figures/chapter4/trainimage.png Graphic file (type png)

<use figures/chapter4/trainimage.png>
Package pdftex.def Info: figures/chapter4/trainimage.png used on input line 11.

(pdftex.def)             Requested size: 390.25755pt x 240.6718pt.

<figures/chapter4/regression.png, id=913, 421.575pt x 260.47313pt>
File: figures/chapter4/regression.png Graphic file (type png)

<use figures/chapter4/regression.png>
Package pdftex.def Info: figures/chapter4/regression.png used on input line 17.

(pdftex.def)             Requested size: 390.25755pt x 241.12862pt.


Package hyperref Warning: Token not allowed in a PDF string (PDFDocEncoding):
(hyperref)                removing `\selfontsize' on input line 24.


Package hyperref Warning: Token not allowed in a PDF string (PDFDocEncoding):
(hyperref)                removing `\selfontsize' on input line 24.

[41



]

Package hyperref Warning: Token not allowed in a PDF string (PDFDocEncoding):
(hyperref)                removing `\selfontsize' on input line 24.


Package hyperref Warning: Token not allowed in a PDF string (PDFDocEncoding):
(hyperref)                removing `\selfontsize' on input line 24.

[42 <E:/Â§ßËÆ∫Êñá/BIT_Thesis/ÊùéÊµ©Ê®°Êùø/figures/chapter4/trainimage.png> <E:/
Â§ßËÆ∫Êñá/BIT_Thesis/ÊùéÊµ©Ê®°Êùø/figures/chapter4/regression.png (PNG copy)>]

LaTeX Warning: Reference `close-equation' on page \selfontsize{9pt}43 undefined
 on input line 25.

<figures/chapter4/erosionDilation.png, id=926, 170.5572pt x 84.0741pt>
File: figures/chapter4/erosionDilation.png Graphic file (type png)

<use figures/chapter4/erosionDilation.png>
Package pdftex.def Info: figures/chapter4/erosionDilation.png used on input lin
e 37.
(pdftex.def)             Requested size: 390.25755pt x 192.4003pt.


Package hyperref Warning: Token not allowed in a PDF string (PDFDocEncoding):
(hyperref)                removing `\selfontsize' on input line 45.


Package hyperref Warning: Token not allowed in a PDF string (PDFDocEncoding):
(hyperref)                removing `\selfontsize' on input line 45.

[43 <E:/Â§ßËÆ∫Êñá/BIT_Thesis/ÊùéÊµ©Ê®°Êùø/figures/chapter4/erosionDilation.png>
] <figures/chapter4/rectangle_fix.jpg, id=939, 696.80325pt x 466.1415pt>
File: figures/chapter4/rectangle_fix.jpg Graphic file (type jpg)

<use figures/chapter4/rectangle_fix.jpg>
Package pdftex.def Info: figures/chapter4/rectangle_fix.jpg used on input line 
60.
(pdftex.def)             Requested size: 375.80377pt x 251.4068pt.


LaTeX Warning: Reference `too' on page \selfontsize{9pt}44 undefined on input l
ine 68.

<figures/chapter4/TopoloThin.png, id=941, 1037.0745pt x 405.31425pt>
File: figures/chapter4/TopoloThin.png Graphic file (type png)

<use figures/chapter4/TopoloThin.png>
Package pdftex.def Info: figures/chapter4/TopoloThin.png used on input line 71.

(pdftex.def)             Requested size: 361.34999pt x 141.2251pt.

Underfull \vbox (badness 6961) has occurred while \output is active []



Package hyperref Warning: Token not allowed in a PDF string (PDFDocEncoding):
(hyperref)                removing `\selfontsize' on input line 76.


Package hyperref Warning: Token not allowed in a PDF string (PDFDocEncoding):
(hyperref)                removing `\selfontsize' on input line 76.

[44 <E:/Â§ßËÆ∫Êñá/BIT_Thesis/ÊùéÊµ©Ê®°Êùø/figures/chapter4/rectangle_fix.jpg>]
<figures/chapter4/topoN.png, id=953, 454.69875pt x 454.69875pt>
File: figures/chapter4/topoN.png Graphic file (type png)

<use figures/chapter4/topoN.png>
Package pdftex.def Info: figures/chapter4/topoN.png used on input line 85.
(pdftex.def)             Requested size: 130.08621pt x 130.08308pt.

<figures/chapter4/topocir.png, id=954, 454.69875pt x 454.69875pt>
File: figures/chapter4/topocir.png Graphic file (type png)

<use figures/chapter4/topocir.png>
Package pdftex.def Info: figures/chapter4/topocir.png used on input line 88.
(pdftex.def)             Requested size: 130.08621pt x 130.08308pt.

<figures/chapter4/node.png, id=955, 352.9185pt x 355.3275pt>
File: figures/chapter4/node.png Graphic file (type png)

<use figures/chapter4/node.png>
Package pdftex.def Info: figures/chapter4/node.png used on input line 91.
(pdftex.def)             Requested size: 137.31255pt x 138.25185pt.


Package hyperref Warning: Token not allowed in a PDF string (PDFDocEncoding):
(hyperref)                removing `\selfontsize' on input line 97.


Package hyperref Warning: Token not allowed in a PDF string (PDFDocEncoding):
(hyperref)                removing `\selfontsize' on input line 97.

[45 <E:/Â§ßËÆ∫Êñá/BIT_Thesis/ÊùéÊµ©Ê®°Êùø/figures/chapter4/TopoloThin.png> <E:/
Â§ßËÆ∫Êñá/BIT_Thesis/ÊùéÊµ©Ê®°Êùø/figures/chapter4/topoN.png> <E:/Â§ßËÆ∫Êñá/BIT
_Thesis/ÊùéÊµ©Ê®°Êùø/figures/chapter4/topocir.png> <E:/Â§ßËÆ∫Êñá/BIT_Thesis/Êùé
Êµ©Ê®°Êùø/figures/chapter4/node.png>]
Overfull \hbox (21.58247pt too wide) in paragraph at lines 110--111
$\OML/ztmcm/m/it/12 P\OT1/ztmcm/m/n/12 (3\OML/ztmcm/m/it/12 ; \OT1/ztmcm/m/n/12
 4)\OML/ztmcm/m/it/12 ; P\OT1/ztmcm/m/n/12 (5\OML/ztmcm/m/it/12 ; \OT1/ztmcm/m/
n/12 4)$\C19/zhsong/m/n/12/55 ¥ \C19/zhsong/m/n/12/40  \C19/zhsong/m/n/12/49 ¥
 \C19/zhsong/m/n/12/46 ! \C19/zhsong/m/n/12/40 :|\C19/zhsong/m/n/12/26 ß| \C19/
zhsong/m/n/12/64 { \C19/zhsong/m/n/12/60 › \C19/zhsong/m/n/12/38  \C19/zhsong/
m/n/12/40 › È \C19/zhsong/m/n/12/62 u \C19/zhsong/m/n/12/40 ‡ :$\OML/ztmcm/m/it
/12 P\OT1/ztmcm/m/n/12 (1\OML/ztmcm/m/it/12 ; \OT1/ztmcm/m/n/12 2)\OML/ztmcm/m/
it/12 ; P\OT1/ztmcm/m/n/12 (2\OML/ztmcm/m/it/12 ; \OT1/ztmcm/m/n/12 5)\OML/ztmc
m/m/it/12 ; P\OT1/ztmcm/m/n/12 (5\OML/ztmcm/m/it/12 ; \OT1/ztmcm/m/n/12 6)\OML/
ztmcm/m/it/12 ; P\OT1/ztmcm/m/n/12 (8\OML/ztmcm/m/it/12 ; \OT1/ztmcm/m/n/12 4)$
\C19/zhsong/m/n/12/41 © \C19/zhsong/m/n/12/37 O \C19/zhsong/m/n/12/58 è$\OT1/zt
mcm/m/n/12 3\OML/ztmcm/m/it/12 ; \OT1/ztmcm/m/n/12 1\OML/ztmcm/m/it/12 ; \OT1/z
tmcm/m/n/12 3\OML/ztmcm/m/it/12 ; \OT1/ztmcm/m/n/12 4$|\C19/rm/m/n/12/25 "|
 []

<figures/chapter4/process/process33.jpg, id=979, 1541.76pt x 2192.19pt>
File: figures/chapter4/process/process33.jpg Graphic file (type jpg)

<use figures/chapter4/process/process33.jpg>
Package pdftex.def Info: figures/chapter4/process/process33.jpg used on input l
ine 116.
(pdftex.def)             Requested size: 115.63243pt x 164.40715pt.

<figures/chapter4/process/process55.jpg, id=980, 1541.76pt x 2192.19pt>
File: figures/chapter4/process/process55.jpg Graphic file (type jpg)

<use figures/chapter4/process/process55.jpg>
Package pdftex.def Info: figures/chapter4/process/process55.jpg used on input l
ine 119.
(pdftex.def)             Requested size: 115.63243pt x 164.40715pt.

<figures/chapter4/process/process80.jpg, id=981, 1541.76pt x 2192.19pt>
File: figures/chapter4/process/process80.jpg Graphic file (type jpg)

<use figures/chapter4/process/process80.jpg>
Package pdftex.def Info: figures/chapter4/process/process80.jpg used on input l
ine 123.
(pdftex.def)             Requested size: 115.63243pt x 164.40715pt.
)

Package hyperref Warning: Token not allowed in a PDF string (PDFDocEncoding):
(hyperref)                removing `\selfontsize' on input line 44.


Package hyperref Warning: Token not allowed in a PDF string (PDFDocEncoding):
(hyperref)                removing `\selfontsize' on input line 44.

[46]

Package hyperref Warning: Token not allowed in a PDF string (PDFDocEncoding):
(hyperref)                removing `\selfontsize' on input line 44.


Package hyperref Warning: Token not allowed in a PDF string (PDFDocEncoding):
(hyperref)                removing `\selfontsize' on input line 44.

[47 <E:/Â§ßËÆ∫Êñá/BIT_Thesis/ÊùéÊµ©Ê®°Êùø/figures/chapter4/process/process33.jp
g> <E:/Â§ßËÆ∫Êñá/BIT_Thesis/ÊùéÊµ©Ê®°Êùø/figures/chapter4/process/process55.jpg
> <E:/Â§ßËÆ∫Êñá/BIT_Thesis/ÊùéÊµ©Ê®°Êùø/figures/chapter4/process/process80.jpg>
] (E:\Â§ßËÆ∫Êñá\BIT_Thesis\ÊùéÊµ©Ê®°Êùø\chapter/chapter5.tex
µ⁄\hspace {0.25em plus 0.125em minus 0.08em}\ignorespaces 5\hspace {0.25em plus
 0.125em minus 0.08em}\ignorespaces \ignorespaces ’¬

Package hyperref Warning: Token not allowed in a PDF string (PDFDocEncoding):
(hyperref)                removing `\selfontsize' on input line 16.


Package hyperref Warning: Token not allowed in a PDF string (PDFDocEncoding):
(hyperref)                removing `\selfontsize' on input line 16.

[48



]

Package hyperref Warning: Token not allowed in a PDF string (PDFDocEncoding):
(hyperref)                removing `\selfontsize' on input line 18.


Package hyperref Warning: Token not allowed in a PDF string (PDFDocEncoding):
(hyperref)                removing `\selfontsize' on input line 18.

[49]) (E:\Â§ßËÆ∫Êñá\BIT_Thesis\ÊùéÊµ©Ê®°Êùø\chapter/chapter6.tex

Package hyperref Warning: Token not allowed in a PDF string (PDFDocEncoding):
(hyperref)                removing `\selfontsize' on input line 5.


Package hyperref Warning: Token not allowed in a PDF string (PDFDocEncoding):
(hyperref)                removing `\selfontsize' on input line 5.

[50


]) (E:\Â§ßËÆ∫Êñá\BIT_Thesis\ÊùéÊµ©Ê®°Êùø\chapter/chap-sum.tex)

Package hyperref Warning: Token not allowed in a PDF string (PDFDocEncoding):
(hyperref)                removing `\selfontsize' on input line 47.


Package hyperref Warning: Token not allowed in a PDF string (PDFDocEncoding):
(hyperref)                removing `\selfontsize' on input line 47.

[51



] (E:\Â§ßËÆ∫Êñá\BIT_Thesis\ÊùéÊµ©Ê®°Êùø\chapter/chap-bibs.tex
Underfull \vbox (badness 1028) has occurred while \output is active []



Package hyperref Warning: Token not allowed in a PDF string (PDFDocEncoding):
(hyperref)                removing `\selfontsize' on input line 65.


Package hyperref Warning: Token not allowed in a PDF string (PDFDocEncoding):
(hyperref)                removing `\selfontsize' on input line 65.

[52



])

Package hyperref Warning: Token not allowed in a PDF string (PDFDocEncoding):
(hyperref)                removing `\selfontsize' on input line 48.


Package hyperref Warning: Token not allowed in a PDF string (PDFDocEncoding):
(hyperref)                removing `\selfontsize' on input line 48.

[53] (E:\Â§ßËÆ∫Êñá\BIT_Thesis\ÊùéÊµ©Ê®°Êùø\chapter/chap-pubs.tex)

Package hyperref Warning: Token not allowed in a PDF string (PDFDocEncoding):
(hyperref)                removing `\selfontsize' on input line 49.


Package hyperref Warning: Token not allowed in a PDF string (PDFDocEncoding):
(hyperref)                removing `\selfontsize' on input line 49.

[54



] (E:\Â§ßËÆ∫Êñá\BIT_Thesis\ÊùéÊµ©Ê®°Êùø\chapter/chap-ack.tex)

Package hyperref Warning: Token not allowed in a PDF string (PDFDocEncoding):
(hyperref)                removing `\selfontsize' on input line 50.


Package hyperref Warning: Token not allowed in a PDF string (PDFDocEncoding):
(hyperref)                removing `\selfontsize' on input line 50.

[55



]

Package natbib Warning: There were undefined citations.

Package atveryend Info: Empty hook `BeforeClearDocument' on input line 53.
Package atveryend Info: Empty hook `AfterLastShipout' on input line 53.
(E:\Â§ßËÆ∫Êñá\BIT_Thesis\ÊùéÊµ©Ê®°Êùø\Thesis.aux
(E:\Â§ßËÆ∫Êñá\BIT_Thesis\ÊùéÊµ©Ê®°Êùø\chapter/chapter1.aux)
(E:\Â§ßËÆ∫Êñá\BIT_Thesis\ÊùéÊµ©Ê®°Êùø\chapter/chapter2.aux)
(E:\Â§ßËÆ∫Êñá\BIT_Thesis\ÊùéÊµ©Ê®°Êùø\chapter/chapter3.aux)
(E:\Â§ßËÆ∫Êñá\BIT_Thesis\ÊùéÊµ©Ê®°Êùø\chapter/chapter4.aux)
(E:\Â§ßËÆ∫Êñá\BIT_Thesis\ÊùéÊµ©Ê®°Êùø\chapter/chapter5.aux)
(E:\Â§ßËÆ∫Êñá\BIT_Thesis\ÊùéÊµ©Ê®°Êùø\chapter/chapter6.aux)
(E:\Â§ßËÆ∫Êñá\BIT_Thesis\ÊùéÊµ©Ê®°Êùø\chapter/chap-sum.aux)
(E:\Â§ßËÆ∫Êñá\BIT_Thesis\ÊùéÊµ©Ê®°Êùø\chapter/chap-bibs.aux)
(E:\Â§ßËÆ∫Êñá\BIT_Thesis\ÊùéÊµ©Ê®°Êùø\chapter/chap-pubs.aux)
(E:\Â§ßËÆ∫Êñá\BIT_Thesis\ÊùéÊµ©Ê®°Êùø\chapter/chap-ack.aux))
Package atveryend Info: Executing hook `AtVeryEndDocument' on input line 53.
Package atveryend Info: Executing hook `AtEndAfterFileList' on input line 53.
Package rerunfilecheck Info: File `Thesis.out' has not changed.
(rerunfilecheck)             Checksum: 6AF30F6FAD0C4C1146FC2949F62E66C0;3847.


LaTeX Font Warning: Size substitutions with differences
(Font)              up to 1.28pt have occurred.


LaTeX Warning: There were undefined references.


LaTeX Warning: There were multiply-defined labels.

 ) 
Here is how much of TeX's memory you used:
 21482 strings out of 495354
 343454 string characters out of 3183858
 424898 words of memory out of 3000000
 23679 multiletter control sequences out of 15000+200000
 158953 words of font info for 456 fonts, out of 3000000 for 9000
 14 hyphenation exceptions out of 8191
 42i,22n,58p,1682b,1411s stack positions out of 5000i,500n,10000p,200000b,50000s
<C:/Windows/Fonts/simsun.ttc><C:/Windows/Fonts/simhei.ttf><C:/Windows/Fonts/s
imhei.ttf><C:/Windows/Fonts/simsun.ttc><C:/Windows/Fonts/simhei.ttf>{D:/CTEX/Mi
KTeX/fonts/enc/dvips/fontname/8r.enc}<C:/Windows/Fonts/simsun.ttc><C:/Windows/F
onts/simsun.ttc><C:/Windows/Fonts/simsun.ttc><C:/Windows/Fonts/simsun.ttc><C:/W
indows/Fonts/simsun.ttc><C:/Windows/Fonts/simsun.ttc><C:/Windows/Fonts/simsun.t
tc><C:/Windows/Fonts/simsun.ttc><C:/Windows/Fonts/simsun.ttc><C:/Windows/Fonts/
simsun.ttc><C:/Windows/Fonts/simsun.ttc><C:/Windows/Fonts/simsun.ttc><C:/Window
s/Fonts/simsun.ttc><C:/Windows/Fonts/simsun.ttc><C:/Windows/Fonts/simsun.ttc><C
:/Windows/Fonts/simsun.ttc><C:/Windows/Fonts/simsun.ttc><C:/Windows/Fonts/simsu
n.ttc><C:/Windows/Fonts/simsun.ttc><C:/Windows/Fonts/simsun.ttc><C:/Windows/Fon
ts/simsun.ttc><C:/Windows/Fonts/simsun.ttc><C:/Windows/Fonts/simsun.ttc><C:/Win
dows/Fonts/simsun.ttc><C:/Windows/Fonts/simsun.ttc><C:/Windows/Fonts/simsun.ttc
><C:/Windows/Fonts/simsun.ttc><C:/Windows/Fonts/simsun.ttc><C:/Windows/Fonts/si
msun.ttc><C:/Windows/Fonts/simsun.ttc><C:/Windows/Fonts/simsun.ttc><C:/Windows/
Fonts/simhei.ttf><C:/Windows/Fonts/simhei.ttf><C:/Windows/Fonts/simhei.ttf><C:/
Windows/Fonts/simhei.ttf><C:/Windows/Fonts/simhei.ttf><C:/Windows/Fonts/simhei.
ttf><C:/Windows/Fonts/simhei.ttf><C:/Windows/Fonts/simhei.ttf><C:/Windows/Fonts
/simhei.ttf><C:/Windows/Fonts/simhei.ttf><C:/Windows/Fonts/simhei.ttf><C:/Windo
ws/Fonts/simhei.ttf><C:/Windows/Fonts/simsun.ttc><C:/Windows/Fonts/simsun.ttc><
C:/Windows/Fonts/simhei.ttf><C:/Windows/Fonts/simhei.ttf><C:/Windows/Fonts/simh
ei.ttf><C:/Windows/Fonts/simhei.ttf><C:/Windows/Fonts/simhei.ttf><C:/Windows/Fo
nts/simhei.ttf><C:/Windows/Fonts/simhei.ttf><C:/Windows/Fonts/simhei.ttf><C:/Wi
ndows/Fonts/simhei.ttf><C:/Windows/Fonts/simhei.ttf><C:/Windows/Fonts/simhei.tt
f><C:/Windows/Fonts/simhei.ttf><C:/Windows/Fonts/simhei.ttf><C:/Windows/Fonts/s
imhei.ttf><C:/Windows/Fonts/simhei.ttf><C:/Windows/Fonts/simhei.ttf><D:/CTEX/Mi
KTeX/fonts/type1/public/amsfonts/cm/cmex10.pfb><D:/CTEX/MiKTeX/fonts/type1/publ
ic/amsfonts/cm/cmmi10.pfb><D:/CTEX/MiKTeX/fonts/type1/public/amsfonts/cm/cmr10.
pfb><D:/CTEX/MiKTeX/fonts/type1/public/amsfonts/cm/cmsy10.pfb><D:/CTEX/MiKTeX/f
onts/type1/urw/symbol/usyr.pfb><D:/CTEX/MiKTeX/fonts/type1/urw/symbol/usyr.pfb>
<D:/CTEX/MiKTeX/fonts/type1/urw/times/utmb8a.pfb><D:/CTEX/MiKTeX/fonts/type1/ur
w/times/utmr8a.pfb><D:/CTEX/MiKTeX/fonts/type1/urw/times/utmri8a.pfb>
Output written on Thesis.pdf (65 pages, 22509273 bytes).
PDF statistics:
 1319 PDF objects out of 1440 (max. 8388607)
 276 named destinations out of 1000 (max. 500000)
 737 words of extra memory for PDF output out of 10000 (max. 10000000)

