\BOOKMARK [0][]{chapter.1}{\376\377\173\054\000\040\000\061\000\040\172\340\000\040\000\040\176\352\213\272}{}% 1
\BOOKMARK [1][]{section.1.1}{\376\377\000\061\000\056\000\061\000\040\170\024\172\166\200\314\146\157\116\016\141\017\116\111}{chapter.1}% 2
\BOOKMARK [1][]{section.1.2}{\376\377\000\061\000\056\000\062\000\040\126\375\121\205\131\026\170\024\172\166\163\260\162\266}{chapter.1}% 3
\BOOKMARK [2][]{subsection.1.2.1}{\376\377\000\061\000\056\000\062\000\056\000\061\000\040\127\060\126\376\147\204\136\372\145\271\154\325\170\024\172\166}{section.1.2}% 4
\BOOKMARK [2][]{subsection.1.2.2}{\376\377\000\061\000\056\000\062\000\056\000\062\000\040\220\123\215\357\143\320\123\326\145\271\154\325\170\024\172\166}{section.1.2}% 5
\BOOKMARK [1][]{section.1.3}{\376\377\000\061\000\056\000\063\000\040\116\073\211\201\170\024\172\166\121\205\133\271}{chapter.1}% 6
\BOOKMARK [2][]{subsection.1.3.1}{\376\377\000\061\000\056\000\063\000\056\000\061\000\040\116\214\176\364\116\016\116\011\176\364\127\060\126\376\147\204\136\372}{section.1.3}% 7
\BOOKMARK [2][]{subsection.1.3.2}{\376\377\000\061\000\056\000\063\000\056\000\062\000\040\116\214\176\364\126\376\120\317\116\055\166\204\220\123\215\357\143\320\123\326}{section.1.3}% 8
\BOOKMARK [1][]{section.1.4}{\376\377\000\061\000\056\000\064\000\040\147\054\172\340\134\017\176\323}{chapter.1}% 9
\BOOKMARK [0][]{chapter.2}{\376\377\173\054\000\040\000\062\000\040\172\340\000\040\000\040\127\372\116\216\121\150\146\157\126\376\120\317\166\204\232\330\174\276\136\246\127\060\126\376\147\204\136\372}{}% 10
\BOOKMARK [1][]{section.2.1}{\376\377\000\062\000\056\000\061\000\040\137\025\212\000}{chapter.2}% 11
\BOOKMARK [1][]{section.2.2}{\376\377\000\062\000\056\000\062\000\040\121\150\146\157\126\376\120\317\116\016\133\232\117\115\117\341\140\157\221\307\226\306}{chapter.2}% 12
\BOOKMARK [1][]{section.2.3}{\376\377\000\062\000\056\000\063\000\040\121\150\146\157\126\376\120\317\131\004\164\006}{chapter.2}% 13
\BOOKMARK [1][]{section.2.4}{\376\377\000\062\000\056\000\064\000\040\127\060\126\376\166\204\147\204\136\372\116\016\117\177\165\050}{chapter.2}% 14
\BOOKMARK [2][]{subsection.2.4.1}{\376\377\000\062\000\056\000\064\000\056\000\061\000\040\126\376\120\317\142\374\143\245}{section.2.4}% 15
\BOOKMARK [2][]{subsection.2.4.2}{\376\377\000\062\000\056\000\064\000\056\000\062\000\040\127\372\116\216\000\107\000\111\000\123\145\160\143\156\136\223\165\037\142\020\145\340\116\272\217\146\210\114\232\166\127\060\126\376}{section.2.4}% 16
\BOOKMARK [1][]{section.2.5}{\376\377\000\062\000\056\000\065\000\040\147\054\172\340\134\017\176\323}{chapter.2}% 17
\BOOKMARK [0][]{chapter.3}{\376\377\173\054\000\040\000\063\000\040\172\340\000\040\000\040\127\372\116\216\145\340\116\272\147\072\202\052\142\315\126\376\120\317\166\204\116\011\176\364\147\204\136\372}{}% 18
\BOOKMARK [1][]{section.3.1}{\376\377\000\063\000\056\000\061\000\040\137\025\212\000}{chapter.3}% 19
\BOOKMARK [1][]{section.3.2}{\376\377\000\063\000\056\000\062\000\040\166\370\147\072\152\041\127\213}{chapter.3}% 20
\BOOKMARK [1][]{section.3.3}{\376\377\000\063\000\056\000\063\000\040\166\370\121\163\127\120\150\007\174\373}{chapter.3}% 21
\BOOKMARK [1][]{section.3.4}{\376\377\000\063\000\056\000\064\000\040\131\032\211\306\126\376\221\315\136\372}{chapter.3}% 22
\BOOKMARK [2][]{subsection.3.4.1}{\376\377\000\063\000\056\000\064\000\056\000\061\000\040\116\044\211\306\126\376\221\315\136\372}{section.3.4}% 23
\BOOKMARK [2][]{subsection.3.4.2}{\376\377\000\063\000\056\000\064\000\056\000\062\000\040\000\062\000\104\000\055\000\063\000\104\117\115\131\377\154\102\211\343}{section.3.4}% 24
\BOOKMARK [2][]{subsection.3.4.3}{\376\377\000\063\000\056\000\064\000\056\000\063\000\040\116\011\211\322\133\232\117\115\154\325}{section.3.4}% 25
\BOOKMARK [1][]{section.3.5}{\376\377\000\063\000\056\000\065\000\040\116\011\176\364\221\315\136\372\116\055\166\204\117\030\123\026}{chapter.3}% 26
\BOOKMARK [2][]{subsection.3.5.1}{\376\377\000\063\000\056\000\065\000\056\000\061\000\040\121\111\147\137\136\163\135\356\154\325}{section.3.5}% 27
\BOOKMARK [2][]{subsection.3.5.2}{\376\377\000\063\000\056\000\065\000\056\000\062\000\040\147\000\134\017\123\026\166\370\147\072\116\055\137\303\117\115\177\156\213\357\135\356}{section.3.5}% 28
\BOOKMARK [1][]{section.3.6}{\376\377\000\063\000\056\000\066\000\040\172\000\165\217\165\065\116\221\166\204\156\062\147\323}{chapter.3}% 29
\BOOKMARK [2][]{subsection.3.6.1}{\376\377\000\063\000\056\000\066\000\056\000\061\000\040\160\271\116\221\172\040\133\306\123\026}{section.3.6}% 30
\BOOKMARK [2][]{subsection.3.6.2}{\376\377\000\063\000\056\000\066\000\056\000\062\000\040\160\271\116\221\177\121\150\074\156\062\147\323\377\010\116\011\211\322\122\126\122\006\377\011}{section.3.6}% 31
\BOOKMARK [1][]{section.3.7}{\376\377\000\063\000\056\000\067\000\040\147\054\172\340\134\017\176\323}{chapter.3}% 32
\BOOKMARK [0][]{chapter.4}{\376\377\173\054\000\040\000\064\000\040\172\340\000\040\000\040\116\214\176\364\126\376\120\317\116\055\166\204\220\123\215\357\143\320\123\326}{}% 33
\BOOKMARK [1][]{section.4.1}{\376\377\000\064\000\056\000\061\000\040\137\025\212\000}{chapter.4}% 34
\BOOKMARK [1][]{section.4.2}{\376\377\000\064\000\056\000\062\000\040\126\376\120\317\116\214\120\074\123\026}{chapter.4}% 35
\BOOKMARK [1][]{section.4.3}{\376\377\000\064\000\056\000\063\000\040\227\136\220\123\215\357\123\072\127\337\171\373\226\144}{chapter.4}% 36
\BOOKMARK [2][]{subsection.4.3.1}{\376\377\000\064\000\056\000\063\000\056\000\061\000\040\137\000\225\355\217\320\173\227}{section.4.3}% 37
\BOOKMARK [2][]{subsection.4.3.2}{\376\377\000\064\000\056\000\063\000\056\000\062\000\040\217\156\136\323\143\320\123\326}{section.4.3}% 38
\BOOKMARK [1][]{section.4.4}{\376\377\000\064\000\056\000\064\000\040\142\323\142\121\131\004\164\006}{chapter.4}% 39
\BOOKMARK [2][]{subsection.4.4.1}{\376\377\000\064\000\056\000\064\000\056\000\061\000\040\142\323\142\121\176\306\123\026}{section.4.4}% 40
\BOOKMARK [2][]{subsection.4.4.2}{\376\377\000\064\000\056\000\064\000\056\000\062\000\040\123\273\226\144\134\017\147\235\116\053}{section.4.4}% 41
\BOOKMARK [1][]{section.4.5}{\376\377\000\064\000\056\000\065\000\040\147\054\172\340\134\017\176\323}{chapter.4}% 42
\BOOKMARK [0][]{chapter.5}{\376\377\173\054\000\040\000\065\000\040\172\340\000\040\000\040\133\236\232\214\176\323\147\234\122\006\147\220}{}% 43
\BOOKMARK [1][]{section.5.1}{\376\377\000\065\000\056\000\061\000\040\137\025\212\000}{chapter.5}% 44
\BOOKMARK [1][]{section.5.2}{\376\377\000\065\000\056\000\062\000\040\121\150\146\157\126\376\120\317\147\204\136\372\127\060\126\376\133\236\232\214\176\323\147\234}{chapter.5}% 45
\BOOKMARK [2][]{subsection.5.2.1}{\376\377\000\065\000\056\000\062\000\056\000\061\000\040\121\150\146\157\126\376\120\317\127\060\126\376\133\236\232\214\136\163\123\360\144\055\136\372}{section.5.2}% 46
\BOOKMARK [2][]{subsection.5.2.2}{\376\377\000\065\000\056\000\062\000\056\000\062\000\040\121\150\146\157\126\376\120\317\127\060\126\376\147\204\136\372\145\110\147\234\123\312\174\276\136\246\122\006\147\220}{section.5.2}% 47
\BOOKMARK [1][]{section.5.3}{\376\377\000\065\000\056\000\063\000\040\127\060\164\006\172\172\225\364\116\011\176\364\221\315\136\372\133\236\232\214\176\323\147\234}{chapter.5}% 48
\BOOKMARK [2][]{subsection.5.3.1}{\376\377\000\065\000\056\000\063\000\056\000\061\000\040\127\060\164\006\172\172\225\364\116\011\176\364\221\315\136\372\133\236\232\214\136\163\123\360\144\055\136\372}{section.5.3}% 49
\BOOKMARK [2][]{subsection.5.3.2}{\376\377\000\065\000\056\000\063\000\056\000\062\000\040\116\011\176\364\221\315\136\372\145\110\147\234\123\312\174\276\136\246\122\006\147\220}{section.5.3}% 50
\BOOKMARK [1][]{section.5.4}{\376\377\000\065\000\056\000\064\000\040\220\123\215\357\143\320\123\326\174\276\136\246\122\006\147\220}{chapter.5}% 51
\BOOKMARK [1][]{section.5.5}{\376\377\000\065\000\056\000\065\000\040\147\054\172\340\134\017\176\323}{chapter.5}% 52
\BOOKMARK [0][]{section*.15}{\376\377\140\073\176\323\116\016\134\125\147\033}{}% 53
\BOOKMARK [0][]{chapter*.16}{\376\377\123\302\200\003\145\207\163\056}{}% 54
\BOOKMARK [0][]{chapter*.17}{\376\377\145\073\213\373\170\125\130\353\133\146\117\115\147\037\225\364\123\321\210\150\213\272\145\207\116\016\170\024\172\166\142\020\147\234\156\005\123\125}{}% 55
